#
# There is insufficient memory for the Java Runtime Environment to continue.
# Native memory allocation (mmap) failed to map 65536 bytes for Failed to commit metaspace.
# Possible reasons:
#   The system is out of physical RAM or swap space
#   The process is running with CompressedOops enabled, and the Java Heap may be blocking the growth of the native heap
# Possible solutions:
#   Reduce memory load on the system
#   Increase physical memory or swap space
#   Check if swap backing store is full
#   Decrease Java heap size (-Xmx/-Xms)
#   Decrease number of Java threads
#   Decrease Java thread stack sizes (-Xss)
#   Set larger code cache with -XX:ReservedCodeCacheSize=
#   JVM is running with Zero Based Compressed Oops mode in which the Java heap is
#     placed in the first 32GB address space. The Java Heap base address is the
#     maximum limit for the native heap growth. Please use -XX:HeapBaseMinAddress
#     to set the Java Heap base and to place the Java Heap above 32GB virtual address.
# This output file may be truncated or incomplete.
#
#  Out of Memory Error (virtualSpaceNode.cpp:112), pid=35700, tid=8424
#
# JRE version: Java(TM) SE Runtime Environment (21.0.2+13) (build 21.0.2+13-LTS-58)
# Java VM: Java HotSpot(TM) 64-Bit Server VM (21.0.2+13-LTS-58, mixed mode, sharing, tiered, compressed oops, compressed class ptrs, g1 gc, windows-amd64)
# No core dump will be written. Minidumps are not enabled by default on client versions of Windows
#

---------------  S U M M A R Y ------------

Command Line: -Dnet.bytebuddy.agent.attacher.dump= net.bytebuddy.agent.Attacher com.sun.tools.attach.VirtualMachine 21524 C:\Users\fgonz\.m2\repository\net\bytebuddy\byte-buddy-agent\1.14.18\byte-buddy-agent-1.14.18.jar false 

Host: Intel(R) Core(TM) i7-8750H CPU @ 2.20GHz, 12 cores, 15G,  Windows 11 , 64 bit Build 22621 (10.0.22621.3958)
Time: Fri Sep  6 11:43:17 2024 Hora de verano romance elapsed time: 0.128667 seconds (0d 0h 0m 0s)

---------------  T H R E A D  ---------------

Current thread (0x000002606b99f640):  JavaThread "main"             [_thread_in_vm, id=8424, stack(0x000000933c000000,0x000000933c100000) (1024K)]

Stack: [0x000000933c000000,0x000000933c100000]
Native frames: (J=compiled Java code, j=interpreted, Vv=VM code, C=native code)
V  [jvm.dll+0x6cade9]
V  [jvm.dll+0x8569c1]
V  [jvm.dll+0x858d2e]
V  [jvm.dll+0x859413]
V  [jvm.dll+0x280e56]
V  [jvm.dll+0x8526ee]
V  [jvm.dll+0x66e705]
V  [jvm.dll+0x1e68cc]
V  [jvm.dll+0x1e669e]
V  [jvm.dll+0x67104c]
V  [jvm.dll+0x670e62]
V  [jvm.dll+0x66f0de]
V  [jvm.dll+0x680079]
V  [jvm.dll+0x67951e]
V  [jvm.dll+0x3d4471]
C  0x000002600753bbcd

The last pc belongs to method entry point (kind = zerolocals) (printed below).
Java frames: (J=compiled Java code, j=interpreted, Vv=VM code)
j  sun.jvmstat.perfdata.monitor.PerfDataBufferImpl.<clinit>()V+0 jdk.internal.jvmstat@21.0.2
v  ~StubRoutines::call_stub 0x000002600753100d
j  java.lang.Class.forName0(Ljava/lang/String;ZLjava/lang/ClassLoader;Ljava/lang/Class;)Ljava/lang/Class;+0 java.base@21.0.2
j  java.lang.Class.forName(Ljava/lang/String;Ljava/lang/Class;)Ljava/lang/Class;+19 java.base@21.0.2
j  java.lang.Class.forName(Ljava/lang/String;)Ljava/lang/Class;+6 java.base@21.0.2
j  sun.jvmstat.perfdata.monitor.AbstractPerfDataBuffer.createPerfDataBuffer(Ljava/nio/ByteBuffer;I)V+23 jdk.internal.jvmstat@21.0.2
j  sun.jvmstat.perfdata.monitor.protocol.local.PerfDataBuffer.<init>(Lsun/jvmstat/monitor/VmIdentifier;)V+21 jdk.internal.jvmstat@21.0.2
j  sun.jvmstat.perfdata.monitor.protocol.local.LocalMonitoredVm.<init>(Lsun/jvmstat/monitor/VmIdentifier;I)V+12 jdk.internal.jvmstat@21.0.2
j  sun.jvmstat.perfdata.monitor.protocol.local.MonitoredHostProvider.getMonitoredVm(Lsun/jvmstat/monitor/VmIdentifier;I)Lsun/jvmstat/monitor/MonitoredVm;+15 jdk.internal.jvmstat@21.0.2
j  sun.jvmstat.perfdata.monitor.protocol.local.MonitoredHostProvider.getMonitoredVm(Lsun/jvmstat/monitor/VmIdentifier;)Lsun/jvmstat/monitor/MonitoredVm;+5 jdk.internal.jvmstat@21.0.2
j  sun.tools.attach.HotSpotAttachProvider.testAttachable(Ljava/lang/String;)V+20 jdk.attach@21.0.2
j  sun.tools.attach.AttachProviderImpl.attachVirtualMachine(Ljava/lang/String;)Lcom/sun/tools/attach/VirtualMachine;+6 jdk.attach@21.0.2
j  com.sun.tools.attach.VirtualMachine.attach(Ljava/lang/String;)Lcom/sun/tools/attach/VirtualMachine;+69 jdk.attach@21.0.2
j  java.lang.invoke.DirectMethodHandle$Holder.invokeStatic(Ljava/lang/Object;Ljava/lang/Object;)Ljava/lang/Object;+10 java.base@21.0.2
j  java.lang.invoke.LambdaForm$MH+0x0000026010002800.invoke(Ljava/lang/Object;Ljava/lang/Object;Ljava/lang/Object;)Ljava/lang/Object;+33 java.base@21.0.2
j  java.lang.invoke.Invokers$Holder.invokeExact_MT(Ljava/lang/Object;Ljava/lang/Object;Ljava/lang/Object;Ljava/lang/Object;)Ljava/lang/Object;+20 java.base@21.0.2
j  jdk.internal.reflect.DirectMethodHandleAccessor.invokeImpl(Ljava/lang/Object;[Ljava/lang/Object;)Ljava/lang/Object;+55 java.base@21.0.2
j  jdk.internal.reflect.DirectMethodHandleAccessor.invoke(Ljava/lang/Object;[Ljava/lang/Object;)Ljava/lang/Object;+23 java.base@21.0.2
j  java.lang.reflect.Method.invoke(Ljava/lang/Object;[Ljava/lang/Object;)Ljava/lang/Object;+102 java.base@21.0.2
j  net.bytebuddy.agent.Attacher.install(Ljava/lang/Class;Ljava/lang/String;Ljava/lang/String;ZLjava/lang/String;)V+24
j  net.bytebuddy.agent.Attacher.main([Ljava/lang/String;)V+86
v  ~StubRoutines::call_stub 0x000002600753100d
method entry point (kind = zerolocals)  [0x000002600753ba00, 0x000002600753bdb8]  952 bytes
[MachCode]
  0x000002600753ba00: 488b 5308 | 0fb7 4a2e | 0fb7 522c | 2bd1 81fa | f501 0000 | 0f86 2500 | 0000 488b | c248 c1e0 
  0x000002600753ba20: 0348 83c0 | 5849 0387 | d004 0000 | 483b e00f | 870a 0000 | 0058 498b | e550 e941 | acff ff58 
  0x000002600753ba40: 4c8d 74cc | f885 d20f | 8e09 0000 | 0068 0000 | 0000 ffca | 7ff7 5055 | 488b ec41 | 5568 0000 
  0x000002600753ba60: 0000 4c8b | 6b08 4d8d | 6d38 5348 | 8b53 0848 | 8b52 0848 | 8b52 1848 | 8b52 7048 | 8b12 5248 
  0x000002600753ba80: 8b53 1048 | 85d2 0f84 | 0700 0000 | 4881 c208 | 0100 0052 | 488b 5308 | 488b 5208 | 488b 5210 
  0x000002600753baa0: 5249 8bc6 | 482b c548 | c1e8 0350 | 4155 6800 | 0000 0048 | 8924 2441 | c687 7904 | 0000 0148 
  0x000002600753bac0: 8b45 d848 | 85c0 0f84 | 8300 0000 | 8b48 fc85 | c90f 8878 | 0000 0048 | 03c1 488b | 4808 4883 
  0x000002600753bae0: e902 488b | 54c8 1048 | f7da 498b | 14d6 4885 | d275 0848 | 834c c818 | 01eb 4e8b | 5208 49ba 
  0x000002600753bb00: 0000 000f | 6002 0000 | 4903 d248 | 3354 c818 | 48f7 c2fc | ffff ff74 | 30f6 c202 | 752b 4883 
  0x000002600753bb20: 7cc8 1800 | 741e 4883 | 7cc8 1801 | 7416 4833 | 54c8 1848 | f7c2 fcff | ffff 740d | 4883 4cc8 
  0x000002600753bb40: 1802 eb05 | 4889 54c8 | 1848 83e9 | 0279 9348 | 8b43 1048 | 85c0 7420 | 8b88 cc00 | 0000 83c1 
  0x000002600753bb60: 0289 88cc | 0000 0023 | 88e0 0000 | 000f 8496 | 0100 00e9 | cf00 0000 | 488b 4318 | 4885 c00f 
  0x000002600753bb80: 85b0 0000 | 00e8 0500 | 0000 e999 | 0000 0048 | 8bd3 488d | 4424 084c | 896d c049 | 8bcf c5f8 
  0x000002600753bba0: 7749 89af | a803 0000 | 4989 8798 | 0300 0048 | 83ec 2040 | f6c4 0f0f | 8419 0000 | 0048 83ec 
  0x000002600753bbc0: 0848 b850 | 44b6 14ff | 7f00 00ff | d048 83c4 | 08e9 0c00 | 0000 48b8 | 5044 b614 | ff7f 0000 
  0x000002600753bbe0: ffd0 4883 | c420 49c7 | 8798 0300 | 0000 0000 | 0049 c787 | a803 0000 | 0000 0000 | 49c7 87a0 
  0x000002600753bc00: 0300 0000 | 0000 00c5 | f877 4983 | 7f08 000f | 8405 0000 | 00e9 e652 | ffff 4c8b | 6dc0 4c8b 
  0x000002600753bc20: 75c8 4e8d | 74f5 00c3 | 488b 4318 | 4885 c00f | 8412 0000 | 008b 4808 | 83c1 0289 | 4808 2348 
  0x000002600753bc40: 1c0f 84c2 | 0000 0049 | 3ba7 e804 | 0000 0f87 | 4800 0000 | 8984 2400 | f0ff ff89 | 8424 00e0 
  0x000002600753bc60: ffff 8984 | 2400 d0ff | ff89 8424 | 00c0 ffff | 8984 2400 | b0ff ff89 | 8424 00a0 | ffff 8984 
  0x000002600753bc80: 2400 90ff | ff89 8424 | 0080 ffff | 493b a7e0 | 0400 0076 | 0749 89a7 | e804 0000 | 41c6 8779 
  0x000002600753bca0: 0400 0000 | 49ba f945 | 3b15 ff7f | 0000 4180 | 3a00 0f84 | 3e00 0000 | 488b 55e8 | 498b cf48 
  0x000002600753bcc0: 83ec 2040 | f6c4 0f0f | 8419 0000 | 0048 83ec | 0848 b840 | 09ec 14ff | 7f00 00ff | d048 83c4 
  0x000002600753bce0: 08e9 0c00 | 0000 48b8 | 4009 ec14 | ff7f 0000 | ffd0 4883 | c420 410f | b65d 0049 | ba00 0f3e 
  0x000002600753bd00: 15ff 7f00 | 0041 ff24 | daba 0000 | 0000 e805 | 0000 00e9 | 9600 0000 | 488d 4424 | 084c 896d 
  0x000002600753bd20: c049 8bcf | c5f8 7749 | 89af a803 | 0000 4989 | 8798 0300 | 0048 83ec | 2040 f6c4 | 0f0f 8419 
  0x000002600753bd40: 0000 0048 | 83ec 0848 | b8d0 4eb6 | 14ff 7f00 | 00ff d048 | 83c4 08e9 | 0c00 0000 | 48b8 d04e 
  0x000002600753bd60: b614 ff7f | 0000 ffd0 | 4883 c420 | 49c7 8798 | 0300 0000 | 0000 0049 | c787 a803 | 0000 0000 
  0x000002600753bd80: 0000 49c7 | 87a0 0300 | 0000 0000 | 00c5 f877 | 4983 7f08 | 000f 8405 | 0000 00e9 | 6051 ffff 
  0x000002600753bda0: 4c8b 6dc0 | 4c8b 75c8 | 4e8d 74f5 | 00c3 488b | 5de8 e990 | feff ff90 
[/MachCode]

---------------  P R O C E S S  ---------------

Threads class SMR info:
_java_thread_list=0x000002607e1edf00, length=11, elements={
0x000002606b99f640, 0x000002607df16c30, 0x000002607df17a50, 0x000002607df19a80,
0x000002607df1f7b0, 0x000002607df20340, 0x000002607df1d8b0, 0x000002607df232f0,
0x000002607df2f7d0, 0x000002607e217790, 0x000002607e217e00
}

Java Threads: ( => current thread )
=>0x000002606b99f640 JavaThread "main"                              [_thread_in_vm, id=8424, stack(0x000000933c000000,0x000000933c100000) (1024K)]
  0x000002607df16c30 JavaThread "Reference Handler"          daemon [_thread_blocked, id=2392, stack(0x000000933c800000,0x000000933c900000) (1024K)]
  0x000002607df17a50 JavaThread "Finalizer"                  daemon [_thread_blocked, id=1324, stack(0x000000933c900000,0x000000933ca00000) (1024K)]
  0x000002607df19a80 JavaThread "Signal Dispatcher"          daemon [_thread_blocked, id=7724, stack(0x000000933ca00000,0x000000933cb00000) (1024K)]
  0x000002607df1f7b0 JavaThread "Attach Listener"            daemon [_thread_blocked, id=6904, stack(0x000000933cb00000,0x000000933cc00000) (1024K)]
  0x000002607df20340 JavaThread "Service Thread"             daemon [_thread_blocked, id=14456, stack(0x000000933cc00000,0x000000933cd00000) (1024K)]
  0x000002607df1d8b0 JavaThread "Monitor Deflation Thread"   daemon [_thread_blocked, id=38428, stack(0x000000933cd00000,0x000000933ce00000) (1024K)]
  0x000002607df232f0 JavaThread "C2 CompilerThread0"         daemon [_thread_blocked, id=11880, stack(0x000000933ce00000,0x000000933cf00000) (1024K)]
  0x000002607df2f7d0 JavaThread "C1 CompilerThread0"         daemon [_thread_blocked, id=20404, stack(0x000000933cf00000,0x000000933d000000) (1024K)]
  0x000002607e217790 JavaThread "Notification Thread"        daemon [_thread_blocked, id=32728, stack(0x000000933d000000,0x000000933d100000) (1024K)]
  0x000002607e217e00 JavaThread "Common-Cleaner"             daemon [_thread_blocked, id=28232, stack(0x000000933d100000,0x000000933d200000) (1024K)]
Total: 11

Other Threads:
  0x000002607def93f0 VMThread "VM Thread"                           [id=19524, stack(0x000000933c700000,0x000000933c800000) (1024K)]
  0x000002607dedfcb0 WatcherThread "VM Periodic Task Thread"        [id=17936, stack(0x000000933c600000,0x000000933c700000) (1024K)]
  0x000002606ba02460 WorkerThread "GC Thread#0"                     [id=30084, stack(0x000000933c100000,0x000000933c200000) (1024K)]
  0x000002606ba144d0 ConcurrentGCThread "G1 Main Marker"            [id=29848, stack(0x000000933c200000,0x000000933c300000) (1024K)]
  0x000002606ba15f80 WorkerThread "G1 Conc#0"                       [id=28172, stack(0x000000933c300000,0x000000933c400000) (1024K)]
  0x000002606ba5e800 ConcurrentGCThread "G1 Refine#0"               [id=26300, stack(0x000000933c400000,0x000000933c500000) (1024K)]
  0x000002607dda2570 ConcurrentGCThread "G1 Service"                [id=24252, stack(0x000000933c500000,0x000000933c600000) (1024K)]
Total: 7

Threads with active compile tasks:
Total: 0

VM state: not at safepoint (normal execution)

VM Mutex/Monitor currently owned by a thread:  ([mutex/lock_event])
[0x00007fff153cace8] Metaspace_lock - owner thread: 0x000002606b99f640

Heap address: 0x0000000701200000, size: 4078 MB, Compressed Oops mode: Zero based, Oop shift amount: 3

CDS archive(s) mapped at: [0x000002600f000000-0x000002600fc90000-0x000002600fc90000), size 13172736, SharedBaseAddress: 0x000002600f000000, ArchiveRelocationMode: 1.
Compressed class space mapped at: 0x0000026010000000-0x0000026050000000, reserved size: 1073741824
Narrow klass base: 0x000002600f000000, Narrow klass shift: 0, Narrow klass range: 0x100000000

GC Precious Log:
 CardTable entry size: 512
 Card Set container configuration: InlinePtr #cards 4 size 8 Array Of Cards #cards 16 size 48 Howl #buckets 8 coarsen threshold 3686 Howl Bitmap #cards 512 size 80 coarsen threshold 460 Card regions per heap region 1 cards per card region 4096
 CPUs: 12 total, 12 available
 Memory: 16305M
 Large Page Support: Disabled
 NUMA Support: Disabled
 Compressed Oops: Enabled (Zero based)
 Heap Region Size: 2M
 Heap Min Capacity: 8M
 Heap Initial Capacity: 256M
 Heap Max Capacity: 4078M
 Pre-touch: Disabled
 Parallel Workers: 10
 Concurrent Workers: 3
 Concurrent Refinement Workers: 10
 Periodic GC: Disabled

Heap:
 garbage-first heap   total 262144K, used 2048K [0x0000000701200000, 0x0000000800000000)
  region size 2048K, 2 young (4096K), 0 survivors (0K)
 Metaspace       used 572K, committed 704K, reserved 1114112K
  class space    used 56K, committed 128K, reserved 1048576K

Heap Regions: E=young(eden), S=young(survivor), O=old, HS=humongous(starts), HC=humongous(continues), CS=collection set, F=free, TAMS=top-at-mark-start, PB=parsable bottom
|   0|0x0000000701200000, 0x0000000701200000, 0x0000000701400000|  0%| F|  |TAMS 0x0000000701200000| PB 0x0000000701200000| Untracked 
|   1|0x0000000701400000, 0x0000000701400000, 0x0000000701600000|  0%| F|  |TAMS 0x0000000701400000| PB 0x0000000701400000| Untracked 
|   2|0x0000000701600000, 0x0000000701600000, 0x0000000701800000|  0%| F|  |TAMS 0x0000000701600000| PB 0x0000000701600000| Untracked 
|   3|0x0000000701800000, 0x0000000701800000, 0x0000000701a00000|  0%| F|  |TAMS 0x0000000701800000| PB 0x0000000701800000| Untracked 
|   4|0x0000000701a00000, 0x0000000701a00000, 0x0000000701c00000|  0%| F|  |TAMS 0x0000000701a00000| PB 0x0000000701a00000| Untracked 
|   5|0x0000000701c00000, 0x0000000701c00000, 0x0000000701e00000|  0%| F|  |TAMS 0x0000000701c00000| PB 0x0000000701c00000| Untracked 
|   6|0x0000000701e00000, 0x0000000701e00000, 0x0000000702000000|  0%| F|  |TAMS 0x0000000701e00000| PB 0x0000000701e00000| Untracked 
|   7|0x0000000702000000, 0x0000000702000000, 0x0000000702200000|  0%| F|  |TAMS 0x0000000702000000| PB 0x0000000702000000| Untracked 
|   8|0x0000000702200000, 0x0000000702200000, 0x0000000702400000|  0%| F|  |TAMS 0x0000000702200000| PB 0x0000000702200000| Untracked 
|   9|0x0000000702400000, 0x0000000702400000, 0x0000000702600000|  0%| F|  |TAMS 0x0000000702400000| PB 0x0000000702400000| Untracked 
|  10|0x0000000702600000, 0x0000000702600000, 0x0000000702800000|  0%| F|  |TAMS 0x0000000702600000| PB 0x0000000702600000| Untracked 
|  11|0x0000000702800000, 0x0000000702800000, 0x0000000702a00000|  0%| F|  |TAMS 0x0000000702800000| PB 0x0000000702800000| Untracked 
|  12|0x0000000702a00000, 0x0000000702a00000, 0x0000000702c00000|  0%| F|  |TAMS 0x0000000702a00000| PB 0x0000000702a00000| Untracked 
|  13|0x0000000702c00000, 0x0000000702c00000, 0x0000000702e00000|  0%| F|  |TAMS 0x0000000702c00000| PB 0x0000000702c00000| Untracked 
|  14|0x0000000702e00000, 0x0000000702e00000, 0x0000000703000000|  0%| F|  |TAMS 0x0000000702e00000| PB 0x0000000702e00000| Untracked 
|  15|0x0000000703000000, 0x0000000703000000, 0x0000000703200000|  0%| F|  |TAMS 0x0000000703000000| PB 0x0000000703000000| Untracked 
|  16|0x0000000703200000, 0x0000000703200000, 0x0000000703400000|  0%| F|  |TAMS 0x0000000703200000| PB 0x0000000703200000| Untracked 
|  17|0x0000000703400000, 0x0000000703400000, 0x0000000703600000|  0%| F|  |TAMS 0x0000000703400000| PB 0x0000000703400000| Untracked 
|  18|0x0000000703600000, 0x0000000703600000, 0x0000000703800000|  0%| F|  |TAMS 0x0000000703600000| PB 0x0000000703600000| Untracked 
|  19|0x0000000703800000, 0x0000000703800000, 0x0000000703a00000|  0%| F|  |TAMS 0x0000000703800000| PB 0x0000000703800000| Untracked 
|  20|0x0000000703a00000, 0x0000000703a00000, 0x0000000703c00000|  0%| F|  |TAMS 0x0000000703a00000| PB 0x0000000703a00000| Untracked 
|  21|0x0000000703c00000, 0x0000000703c00000, 0x0000000703e00000|  0%| F|  |TAMS 0x0000000703c00000| PB 0x0000000703c00000| Untracked 
|  22|0x0000000703e00000, 0x0000000703e00000, 0x0000000704000000|  0%| F|  |TAMS 0x0000000703e00000| PB 0x0000000703e00000| Untracked 
|  23|0x0000000704000000, 0x0000000704000000, 0x0000000704200000|  0%| F|  |TAMS 0x0000000704000000| PB 0x0000000704000000| Untracked 
|  24|0x0000000704200000, 0x0000000704200000, 0x0000000704400000|  0%| F|  |TAMS 0x0000000704200000| PB 0x0000000704200000| Untracked 
|  25|0x0000000704400000, 0x0000000704400000, 0x0000000704600000|  0%| F|  |TAMS 0x0000000704400000| PB 0x0000000704400000| Untracked 
|  26|0x0000000704600000, 0x0000000704600000, 0x0000000704800000|  0%| F|  |TAMS 0x0000000704600000| PB 0x0000000704600000| Untracked 
|  27|0x0000000704800000, 0x0000000704800000, 0x0000000704a00000|  0%| F|  |TAMS 0x0000000704800000| PB 0x0000000704800000| Untracked 
|  28|0x0000000704a00000, 0x0000000704a00000, 0x0000000704c00000|  0%| F|  |TAMS 0x0000000704a00000| PB 0x0000000704a00000| Untracked 
|  29|0x0000000704c00000, 0x0000000704c00000, 0x0000000704e00000|  0%| F|  |TAMS 0x0000000704c00000| PB 0x0000000704c00000| Untracked 
|  30|0x0000000704e00000, 0x0000000704e00000, 0x0000000705000000|  0%| F|  |TAMS 0x0000000704e00000| PB 0x0000000704e00000| Untracked 
|  31|0x0000000705000000, 0x0000000705000000, 0x0000000705200000|  0%| F|  |TAMS 0x0000000705000000| PB 0x0000000705000000| Untracked 
|  32|0x0000000705200000, 0x0000000705200000, 0x0000000705400000|  0%| F|  |TAMS 0x0000000705200000| PB 0x0000000705200000| Untracked 
|  33|0x0000000705400000, 0x0000000705400000, 0x0000000705600000|  0%| F|  |TAMS 0x0000000705400000| PB 0x0000000705400000| Untracked 
|  34|0x0000000705600000, 0x0000000705600000, 0x0000000705800000|  0%| F|  |TAMS 0x0000000705600000| PB 0x0000000705600000| Untracked 
|  35|0x0000000705800000, 0x0000000705800000, 0x0000000705a00000|  0%| F|  |TAMS 0x0000000705800000| PB 0x0000000705800000| Untracked 
|  36|0x0000000705a00000, 0x0000000705a00000, 0x0000000705c00000|  0%| F|  |TAMS 0x0000000705a00000| PB 0x0000000705a00000| Untracked 
|  37|0x0000000705c00000, 0x0000000705c00000, 0x0000000705e00000|  0%| F|  |TAMS 0x0000000705c00000| PB 0x0000000705c00000| Untracked 
|  38|0x0000000705e00000, 0x0000000705e00000, 0x0000000706000000|  0%| F|  |TAMS 0x0000000705e00000| PB 0x0000000705e00000| Untracked 
|  39|0x0000000706000000, 0x0000000706000000, 0x0000000706200000|  0%| F|  |TAMS 0x0000000706000000| PB 0x0000000706000000| Untracked 
|  40|0x0000000706200000, 0x0000000706200000, 0x0000000706400000|  0%| F|  |TAMS 0x0000000706200000| PB 0x0000000706200000| Untracked 
|  41|0x0000000706400000, 0x0000000706400000, 0x0000000706600000|  0%| F|  |TAMS 0x0000000706400000| PB 0x0000000706400000| Untracked 
|  42|0x0000000706600000, 0x0000000706600000, 0x0000000706800000|  0%| F|  |TAMS 0x0000000706600000| PB 0x0000000706600000| Untracked 
|  43|0x0000000706800000, 0x0000000706800000, 0x0000000706a00000|  0%| F|  |TAMS 0x0000000706800000| PB 0x0000000706800000| Untracked 
|  44|0x0000000706a00000, 0x0000000706a00000, 0x0000000706c00000|  0%| F|  |TAMS 0x0000000706a00000| PB 0x0000000706a00000| Untracked 
|  45|0x0000000706c00000, 0x0000000706c00000, 0x0000000706e00000|  0%| F|  |TAMS 0x0000000706c00000| PB 0x0000000706c00000| Untracked 
|  46|0x0000000706e00000, 0x0000000706e00000, 0x0000000707000000|  0%| F|  |TAMS 0x0000000706e00000| PB 0x0000000706e00000| Untracked 
|  47|0x0000000707000000, 0x0000000707000000, 0x0000000707200000|  0%| F|  |TAMS 0x0000000707000000| PB 0x0000000707000000| Untracked 
|  48|0x0000000707200000, 0x0000000707200000, 0x0000000707400000|  0%| F|  |TAMS 0x0000000707200000| PB 0x0000000707200000| Untracked 
|  49|0x0000000707400000, 0x0000000707400000, 0x0000000707600000|  0%| F|  |TAMS 0x0000000707400000| PB 0x0000000707400000| Untracked 
|  50|0x0000000707600000, 0x0000000707600000, 0x0000000707800000|  0%| F|  |TAMS 0x0000000707600000| PB 0x0000000707600000| Untracked 
|  51|0x0000000707800000, 0x0000000707800000, 0x0000000707a00000|  0%| F|  |TAMS 0x0000000707800000| PB 0x0000000707800000| Untracked 
|  52|0x0000000707a00000, 0x0000000707a00000, 0x0000000707c00000|  0%| F|  |TAMS 0x0000000707a00000| PB 0x0000000707a00000| Untracked 
|  53|0x0000000707c00000, 0x0000000707c00000, 0x0000000707e00000|  0%| F|  |TAMS 0x0000000707c00000| PB 0x0000000707c00000| Untracked 
|  54|0x0000000707e00000, 0x0000000707e00000, 0x0000000708000000|  0%| F|  |TAMS 0x0000000707e00000| PB 0x0000000707e00000| Untracked 
|  55|0x0000000708000000, 0x0000000708000000, 0x0000000708200000|  0%| F|  |TAMS 0x0000000708000000| PB 0x0000000708000000| Untracked 
|  56|0x0000000708200000, 0x0000000708200000, 0x0000000708400000|  0%| F|  |TAMS 0x0000000708200000| PB 0x0000000708200000| Untracked 
|  57|0x0000000708400000, 0x0000000708400000, 0x0000000708600000|  0%| F|  |TAMS 0x0000000708400000| PB 0x0000000708400000| Untracked 
|  58|0x0000000708600000, 0x0000000708600000, 0x0000000708800000|  0%| F|  |TAMS 0x0000000708600000| PB 0x0000000708600000| Untracked 
|  59|0x0000000708800000, 0x0000000708800000, 0x0000000708a00000|  0%| F|  |TAMS 0x0000000708800000| PB 0x0000000708800000| Untracked 
|  60|0x0000000708a00000, 0x0000000708a00000, 0x0000000708c00000|  0%| F|  |TAMS 0x0000000708a00000| PB 0x0000000708a00000| Untracked 
|  61|0x0000000708c00000, 0x0000000708c00000, 0x0000000708e00000|  0%| F|  |TAMS 0x0000000708c00000| PB 0x0000000708c00000| Untracked 
|  62|0x0000000708e00000, 0x0000000708e00000, 0x0000000709000000|  0%| F|  |TAMS 0x0000000708e00000| PB 0x0000000708e00000| Untracked 
|  63|0x0000000709000000, 0x0000000709000000, 0x0000000709200000|  0%| F|  |TAMS 0x0000000709000000| PB 0x0000000709000000| Untracked 
|  64|0x0000000709200000, 0x0000000709200000, 0x0000000709400000|  0%| F|  |TAMS 0x0000000709200000| PB 0x0000000709200000| Untracked 
|  65|0x0000000709400000, 0x0000000709400000, 0x0000000709600000|  0%| F|  |TAMS 0x0000000709400000| PB 0x0000000709400000| Untracked 
|  66|0x0000000709600000, 0x0000000709600000, 0x0000000709800000|  0%| F|  |TAMS 0x0000000709600000| PB 0x0000000709600000| Untracked 
|  67|0x0000000709800000, 0x0000000709800000, 0x0000000709a00000|  0%| F|  |TAMS 0x0000000709800000| PB 0x0000000709800000| Untracked 
|  68|0x0000000709a00000, 0x0000000709a00000, 0x0000000709c00000|  0%| F|  |TAMS 0x0000000709a00000| PB 0x0000000709a00000| Untracked 
|  69|0x0000000709c00000, 0x0000000709c00000, 0x0000000709e00000|  0%| F|  |TAMS 0x0000000709c00000| PB 0x0000000709c00000| Untracked 
|  70|0x0000000709e00000, 0x0000000709e00000, 0x000000070a000000|  0%| F|  |TAMS 0x0000000709e00000| PB 0x0000000709e00000| Untracked 
|  71|0x000000070a000000, 0x000000070a000000, 0x000000070a200000|  0%| F|  |TAMS 0x000000070a000000| PB 0x000000070a000000| Untracked 
|  72|0x000000070a200000, 0x000000070a200000, 0x000000070a400000|  0%| F|  |TAMS 0x000000070a200000| PB 0x000000070a200000| Untracked 
|  73|0x000000070a400000, 0x000000070a400000, 0x000000070a600000|  0%| F|  |TAMS 0x000000070a400000| PB 0x000000070a400000| Untracked 
|  74|0x000000070a600000, 0x000000070a600000, 0x000000070a800000|  0%| F|  |TAMS 0x000000070a600000| PB 0x000000070a600000| Untracked 
|  75|0x000000070a800000, 0x000000070a800000, 0x000000070aa00000|  0%| F|  |TAMS 0x000000070a800000| PB 0x000000070a800000| Untracked 
|  76|0x000000070aa00000, 0x000000070aa00000, 0x000000070ac00000|  0%| F|  |TAMS 0x000000070aa00000| PB 0x000000070aa00000| Untracked 
|  77|0x000000070ac00000, 0x000000070ac00000, 0x000000070ae00000|  0%| F|  |TAMS 0x000000070ac00000| PB 0x000000070ac00000| Untracked 
|  78|0x000000070ae00000, 0x000000070ae00000, 0x000000070b000000|  0%| F|  |TAMS 0x000000070ae00000| PB 0x000000070ae00000| Untracked 
|  79|0x000000070b000000, 0x000000070b000000, 0x000000070b200000|  0%| F|  |TAMS 0x000000070b000000| PB 0x000000070b000000| Untracked 
|  80|0x000000070b200000, 0x000000070b200000, 0x000000070b400000|  0%| F|  |TAMS 0x000000070b200000| PB 0x000000070b200000| Untracked 
|  81|0x000000070b400000, 0x000000070b400000, 0x000000070b600000|  0%| F|  |TAMS 0x000000070b400000| PB 0x000000070b400000| Untracked 
|  82|0x000000070b600000, 0x000000070b600000, 0x000000070b800000|  0%| F|  |TAMS 0x000000070b600000| PB 0x000000070b600000| Untracked 
|  83|0x000000070b800000, 0x000000070b800000, 0x000000070ba00000|  0%| F|  |TAMS 0x000000070b800000| PB 0x000000070b800000| Untracked 
|  84|0x000000070ba00000, 0x000000070ba00000, 0x000000070bc00000|  0%| F|  |TAMS 0x000000070ba00000| PB 0x000000070ba00000| Untracked 
|  85|0x000000070bc00000, 0x000000070bc00000, 0x000000070be00000|  0%| F|  |TAMS 0x000000070bc00000| PB 0x000000070bc00000| Untracked 
|  86|0x000000070be00000, 0x000000070be00000, 0x000000070c000000|  0%| F|  |TAMS 0x000000070be00000| PB 0x000000070be00000| Untracked 
|  87|0x000000070c000000, 0x000000070c000000, 0x000000070c200000|  0%| F|  |TAMS 0x000000070c000000| PB 0x000000070c000000| Untracked 
|  88|0x000000070c200000, 0x000000070c200000, 0x000000070c400000|  0%| F|  |TAMS 0x000000070c200000| PB 0x000000070c200000| Untracked 
|  89|0x000000070c400000, 0x000000070c400000, 0x000000070c600000|  0%| F|  |TAMS 0x000000070c400000| PB 0x000000070c400000| Untracked 
|  90|0x000000070c600000, 0x000000070c600000, 0x000000070c800000|  0%| F|  |TAMS 0x000000070c600000| PB 0x000000070c600000| Untracked 
|  91|0x000000070c800000, 0x000000070c800000, 0x000000070ca00000|  0%| F|  |TAMS 0x000000070c800000| PB 0x000000070c800000| Untracked 
|  92|0x000000070ca00000, 0x000000070ca00000, 0x000000070cc00000|  0%| F|  |TAMS 0x000000070ca00000| PB 0x000000070ca00000| Untracked 
|  93|0x000000070cc00000, 0x000000070cc00000, 0x000000070ce00000|  0%| F|  |TAMS 0x000000070cc00000| PB 0x000000070cc00000| Untracked 
|  94|0x000000070ce00000, 0x000000070ce00000, 0x000000070d000000|  0%| F|  |TAMS 0x000000070ce00000| PB 0x000000070ce00000| Untracked 
|  95|0x000000070d000000, 0x000000070d000000, 0x000000070d200000|  0%| F|  |TAMS 0x000000070d000000| PB 0x000000070d000000| Untracked 
|  96|0x000000070d200000, 0x000000070d200000, 0x000000070d400000|  0%| F|  |TAMS 0x000000070d200000| PB 0x000000070d200000| Untracked 
|  97|0x000000070d400000, 0x000000070d400000, 0x000000070d600000|  0%| F|  |TAMS 0x000000070d400000| PB 0x000000070d400000| Untracked 
|  98|0x000000070d600000, 0x000000070d600000, 0x000000070d800000|  0%| F|  |TAMS 0x000000070d600000| PB 0x000000070d600000| Untracked 
|  99|0x000000070d800000, 0x000000070d800000, 0x000000070da00000|  0%| F|  |TAMS 0x000000070d800000| PB 0x000000070d800000| Untracked 
| 100|0x000000070da00000, 0x000000070da00000, 0x000000070dc00000|  0%| F|  |TAMS 0x000000070da00000| PB 0x000000070da00000| Untracked 
| 101|0x000000070dc00000, 0x000000070dc00000, 0x000000070de00000|  0%| F|  |TAMS 0x000000070dc00000| PB 0x000000070dc00000| Untracked 
| 102|0x000000070de00000, 0x000000070de00000, 0x000000070e000000|  0%| F|  |TAMS 0x000000070de00000| PB 0x000000070de00000| Untracked 
| 103|0x000000070e000000, 0x000000070e000000, 0x000000070e200000|  0%| F|  |TAMS 0x000000070e000000| PB 0x000000070e000000| Untracked 
| 104|0x000000070e200000, 0x000000070e200000, 0x000000070e400000|  0%| F|  |TAMS 0x000000070e200000| PB 0x000000070e200000| Untracked 
| 105|0x000000070e400000, 0x000000070e400000, 0x000000070e600000|  0%| F|  |TAMS 0x000000070e400000| PB 0x000000070e400000| Untracked 
| 106|0x000000070e600000, 0x000000070e600000, 0x000000070e800000|  0%| F|  |TAMS 0x000000070e600000| PB 0x000000070e600000| Untracked 
| 107|0x000000070e800000, 0x000000070e800000, 0x000000070ea00000|  0%| F|  |TAMS 0x000000070e800000| PB 0x000000070e800000| Untracked 
| 108|0x000000070ea00000, 0x000000070ea00000, 0x000000070ec00000|  0%| F|  |TAMS 0x000000070ea00000| PB 0x000000070ea00000| Untracked 
| 109|0x000000070ec00000, 0x000000070ec00000, 0x000000070ee00000|  0%| F|  |TAMS 0x000000070ec00000| PB 0x000000070ec00000| Untracked 
| 110|0x000000070ee00000, 0x000000070ee00000, 0x000000070f000000|  0%| F|  |TAMS 0x000000070ee00000| PB 0x000000070ee00000| Untracked 
| 111|0x000000070f000000, 0x000000070f000000, 0x000000070f200000|  0%| F|  |TAMS 0x000000070f000000| PB 0x000000070f000000| Untracked 
| 112|0x000000070f200000, 0x000000070f200000, 0x000000070f400000|  0%| F|  |TAMS 0x000000070f200000| PB 0x000000070f200000| Untracked 
| 113|0x000000070f400000, 0x000000070f400000, 0x000000070f600000|  0%| F|  |TAMS 0x000000070f400000| PB 0x000000070f400000| Untracked 
| 114|0x000000070f600000, 0x000000070f600000, 0x000000070f800000|  0%| F|  |TAMS 0x000000070f600000| PB 0x000000070f600000| Untracked 
| 115|0x000000070f800000, 0x000000070f800000, 0x000000070fa00000|  0%| F|  |TAMS 0x000000070f800000| PB 0x000000070f800000| Untracked 
| 116|0x000000070fa00000, 0x000000070fa00000, 0x000000070fc00000|  0%| F|  |TAMS 0x000000070fa00000| PB 0x000000070fa00000| Untracked 
| 117|0x000000070fc00000, 0x000000070fc00000, 0x000000070fe00000|  0%| F|  |TAMS 0x000000070fc00000| PB 0x000000070fc00000| Untracked 
| 118|0x000000070fe00000, 0x000000070fe00000, 0x0000000710000000|  0%| F|  |TAMS 0x000000070fe00000| PB 0x000000070fe00000| Untracked 
| 119|0x0000000710000000, 0x0000000710000000, 0x0000000710200000|  0%| F|  |TAMS 0x0000000710000000| PB 0x0000000710000000| Untracked 
| 120|0x0000000710200000, 0x0000000710200000, 0x0000000710400000|  0%| F|  |TAMS 0x0000000710200000| PB 0x0000000710200000| Untracked 
| 121|0x0000000710400000, 0x0000000710400000, 0x0000000710600000|  0%| F|  |TAMS 0x0000000710400000| PB 0x0000000710400000| Untracked 
| 122|0x0000000710600000, 0x0000000710600000, 0x0000000710800000|  0%| F|  |TAMS 0x0000000710600000| PB 0x0000000710600000| Untracked 
| 123|0x0000000710800000, 0x0000000710800000, 0x0000000710a00000|  0%| F|  |TAMS 0x0000000710800000| PB 0x0000000710800000| Untracked 
| 124|0x0000000710a00000, 0x0000000710a00000, 0x0000000710c00000|  0%| F|  |TAMS 0x0000000710a00000| PB 0x0000000710a00000| Untracked 
| 125|0x0000000710c00000, 0x0000000710c00000, 0x0000000710e00000|  0%| F|  |TAMS 0x0000000710c00000| PB 0x0000000710c00000| Untracked 
| 126|0x0000000710e00000, 0x0000000710f527e0, 0x0000000711000000| 66%| E|  |TAMS 0x0000000710e00000| PB 0x0000000710e00000| Complete 
| 127|0x0000000711000000, 0x0000000711200000, 0x0000000711200000|100%| E|CS|TAMS 0x0000000711000000| PB 0x0000000711000000| Complete 

Card table byte_map: [0x0000026076a60000,0x0000026077260000] _byte_map_base: 0x0000026073257000

Marking Bits: (CMBitMap*) 0x000002606ba02b60
 Bits: [0x0000026077260000, 0x000002607b218000)

Polling page: 0x000002606ba60000

Metaspace:

Usage:
  Non-class:    516.20 KB used.
      Class:     56.29 KB used.
       Both:    572.48 KB used.

Virtual space:
  Non-class space:       64.00 MB reserved,     576.00 KB ( <1%) committed,  1 nodes.
      Class space:        1.00 GB reserved,     128.00 KB ( <1%) committed,  1 nodes.
             Both:        1.06 GB reserved,     704.00 KB ( <1%) committed. 

Chunk freelists:
   Non-Class:  11.80 MB
       Class:  15.69 MB
        Both:  27.49 MB

MaxMetaspaceSize: unlimited
CompressedClassSpaceSize: 1.00 GB
Initial GC threshold: 21.00 MB
Current GC threshold: 21.00 MB
CDS: on
 - commit_granule_bytes: 65536.
 - commit_granule_words: 8192.
 - virtual_space_node_default_size: 8388608.
 - enlarge_chunks_in_place: 1.
 - use_allocation_guard: 0.


Internal statistics:

num_allocs_failed_limit: 0.
num_arena_births: 40.
num_arena_deaths: 0.
num_vsnodes_births: 2.
num_vsnodes_deaths: 0.
num_space_committed: 11.
num_space_uncommitted: 0.
num_chunks_returned_to_freelist: 0.
num_chunks_taken_from_freelist: 58.
num_chunk_merges: 0.
num_chunk_splits: 36.
num_chunks_enlarged: 20.
num_inconsistent_stats: 0.

CodeHeap 'non-profiled nmethods': size=120000Kb used=76Kb max_used=76Kb free=119923Kb
 bounds [0x0000026007ad0000, 0x0000026007d40000, 0x000002600f000000]
CodeHeap 'profiled nmethods': size=120000Kb used=253Kb max_used=253Kb free=119746Kb
 bounds [0x0000026000000000, 0x0000026000270000, 0x0000026007530000]
CodeHeap 'non-nmethods': size=5760Kb used=1286Kb max_used=1300Kb free=4473Kb
 bounds [0x0000026007530000, 0x00000260077a0000, 0x0000026007ad0000]
 total_blobs=613 nmethods=211 adapters=307
 compilation: enabled
              stopped_count=0, restarted_count=0
 full_count=0

Compilation events (20 events):
Event: 0.118 Thread 0x000002607df2f7d0 nmethod 184 0x0000026007adfc90 code [0x0000026007adfe20, 0x0000026007adfef0]
Event: 0.118 Thread 0x000002607df2f7d0  186       1       java.lang.invoke.MethodTypeForm::erasedType (5 bytes)
Event: 0.119 Thread 0x000002607df2f7d0 nmethod 186 0x0000026007adff90 code [0x0000026007ae0120, 0x0000026007ae01f0]
Event: 0.119 Thread 0x000002607df2f7d0  189       3       jdk.internal.org.objectweb.asm.SymbolTable$Entry::<init> (17 bytes)
Event: 0.119 Thread 0x000002607df2f7d0 nmethod 189 0x0000026000032410 code [0x00000260000325c0, 0x0000026000032740]
Event: 0.119 Thread 0x000002607df2f7d0  192       3       java.lang.StringLatin1::newString (24 bytes)
Event: 0.120 Thread 0x000002607df2f7d0 nmethod 192 0x0000026000032810 code [0x0000026000032ae0, 0x00000260000338c8]
Event: 0.120 Thread 0x000002607df2f7d0  193       3       jdk.internal.org.objectweb.asm.SymbolTable::addConstantUtf8 (98 bytes)
Event: 0.121 Thread 0x000002607df2f7d0 nmethod 193 0x0000026000033d90 code [0x0000026000033fc0, 0x00000260000345e8]
Event: 0.121 Thread 0x000002607df2f7d0  194       3       jdk.internal.org.objectweb.asm.ByteVector::putByte (39 bytes)
Event: 0.121 Thread 0x000002607df2f7d0 nmethod 194 0x0000026000034910 code [0x0000026000034ac0, 0x0000026000034cb0]
Event: 0.121 Thread 0x000002607df2f7d0  191       3       java.lang.StringBuilder::<init> (7 bytes)
Event: 0.121 Thread 0x000002607df2f7d0 nmethod 191 0x0000026000034e10 code [0x0000026000034fc0, 0x0000026000035100]
Event: 0.121 Thread 0x000002607df2f7d0  190       1       sun.invoke.util.Wrapper::basicTypeChar (5 bytes)
Event: 0.121 Thread 0x000002607df2f7d0 nmethod 190 0x0000026007ae0e90 code [0x0000026007ae1020, 0x0000026007ae10f0]
Event: 0.121 Thread 0x000002607df2f7d0  197       3       java.lang.invoke.LambdaForm$BasicType::basicType (8 bytes)
Event: 0.122 Thread 0x000002607df2f7d0 nmethod 197 0x0000026000035190 code [0x0000026000035360, 0x00000260000355a0]
Event: 0.122 Thread 0x000002607df2f7d0  199       3       jdk.internal.org.objectweb.asm.Frame::execute (2305 bytes)
Event: 0.126 Thread 0x000002607df232f0  211   !   4       java.nio.DirectByteBuffer::get (34 bytes)
Event: 0.127 Thread 0x000002607df2f7d0 nmethod 199 0x0000026000035710 code [0x0000026000036560, 0x000002600003cd68]

GC Heap History (0 events):
No events

Dll operation events (8 events):
Event: 0.010 Loaded shared library C:\Program Files\Java\jdk-21\bin\java.dll
Event: 0.046 Loaded shared library C:\Program Files\Java\jdk-21\bin\jsvml.dll
Event: 0.066 Loaded shared library C:\Program Files\Java\jdk-21\bin\net.dll
Event: 0.069 Loaded shared library C:\Program Files\Java\jdk-21\bin\nio.dll
Event: 0.074 Loaded shared library C:\Program Files\Java\jdk-21\bin\zip.dll
Event: 0.079 Loaded shared library C:\Program Files\Java\jdk-21\bin\verify.dll
Event: 0.081 Loaded shared library C:\Program Files\Java\jdk-21\bin\jimage.dll
Event: 0.097 Loaded shared library C:\Program Files\Java\jdk-21\bin\attach.dll

Deoptimization events (0 events):
No events

Classes loaded (20 events):
Event: 0.105 Loading class java/util/Timer
Event: 0.105 Loading class java/util/Timer done
Event: 0.105 Loading class java/io/FilenameFilter
Event: 0.105 Loading class java/io/FilenameFilter done
Event: 0.108 Loading class java/util/regex/Pattern$BnM
Event: 0.108 Loading class java/util/regex/Pattern$BnM done
Event: 0.108 Loading class java/util/regex/Pattern$SliceS
Event: 0.108 Loading class java/util/regex/Pattern$SliceS done
Event: 0.112 Loading class java/lang/IllegalAccessException
Event: 0.112 Loading class java/lang/IllegalAccessException done
Event: 0.112 Loading class java/lang/InstantiationException
Event: 0.112 Loading class java/lang/InstantiationException done
Event: 0.112 Loading class java/lang/reflect/InvocationTargetException
Event: 0.112 Loading class java/lang/reflect/InvocationTargetException done
Event: 0.113 Loading class jdk/internal/perf/Perf$CleanerAction
Event: 0.113 Loading class jdk/internal/perf/Perf$CleanerAction done
Event: 0.126 Loading class java/net/MalformedURLException
Event: 0.126 Loading class java/net/MalformedURLException done
Event: 0.126 Loading class java/lang/InterruptedException
Event: 0.126 Loading class java/lang/InterruptedException done

Classes unloaded (0 events):
No events

Classes redefined (0 events):
No events

Internal exceptions (0 events):
No events

ZGC Phase Switch (0 events):
No events

VM Operations (2 events):
Event: 0.075 Executing VM operation: HandshakeAllThreads (Deoptimize)
Event: 0.075 Executing VM operation: HandshakeAllThreads (Deoptimize) done

Events (11 events):
Event: 0.027 Thread 0x000002606b99f640 Thread added: 0x000002606b99f640
Event: 0.042 Thread 0x000002607df16c30 Thread added: 0x000002607df16c30
Event: 0.043 Thread 0x000002607df17a50 Thread added: 0x000002607df17a50
Event: 0.043 Thread 0x000002607df19a80 Thread added: 0x000002607df19a80
Event: 0.043 Thread 0x000002607df1f7b0 Thread added: 0x000002607df1f7b0
Event: 0.043 Thread 0x000002607df20340 Thread added: 0x000002607df20340
Event: 0.043 Thread 0x000002607df1d8b0 Thread added: 0x000002607df1d8b0
Event: 0.043 Thread 0x000002607df232f0 Thread added: 0x000002607df232f0
Event: 0.044 Thread 0x000002607df2f7d0 Thread added: 0x000002607df2f7d0
Event: 0.061 Thread 0x000002607e217790 Thread added: 0x000002607e217790
Event: 0.063 Thread 0x000002607e217e00 Thread added: 0x000002607e217e00


Dynamic libraries:
0x00007ff79a690000 - 0x00007ff79a6a0000 	C:\Program Files\Java\jdk-21\bin\java.exe
0x00007fff909f0000 - 0x00007fff90c07000 	C:\WINDOWS\SYSTEM32\ntdll.dll
0x00007fff8e8f0000 - 0x00007fff8e9b4000 	C:\WINDOWS\System32\KERNEL32.DLL
0x00007fff8df80000 - 0x00007fff8e32d000 	C:\WINDOWS\System32\KERNELBASE.dll
0x00007fff8ddb0000 - 0x00007fff8dec1000 	C:\WINDOWS\System32\ucrtbase.dll
0x00007fff84a50000 - 0x00007fff84a6b000 	C:\Program Files\Java\jdk-21\bin\VCRUNTIME140.dll
0x00007fff83d40000 - 0x00007fff83d59000 	C:\Program Files\Java\jdk-21\bin\jli.dll
0x00007fff8fd10000 - 0x00007fff8fdc2000 	C:\WINDOWS\System32\ADVAPI32.dll
0x00007fff90770000 - 0x00007fff90817000 	C:\WINDOWS\System32\msvcrt.dll
0x00007fff8e9c0000 - 0x00007fff8ea69000 	C:\WINDOWS\System32\sechost.dll
0x00007fff8ded0000 - 0x00007fff8def8000 	C:\WINDOWS\System32\bcrypt.dll
0x00007fff90890000 - 0x00007fff909a4000 	C:\WINDOWS\System32\RPCRT4.dll
0x00007fff8f3c0000 - 0x00007fff8f56e000 	C:\WINDOWS\System32\USER32.dll
0x00007fff8dd10000 - 0x00007fff8dd36000 	C:\WINDOWS\System32\win32u.dll
0x00007fff76850000 - 0x00007fff76ae3000 	C:\WINDOWS\WinSxS\amd64_microsoft.windows.common-controls_6595b64144ccf1df_6.0.22621.3672_none_2713b9d173822955\COMCTL32.dll
0x00007fff8ea70000 - 0x00007fff8ea99000 	C:\WINDOWS\System32\GDI32.dll
0x00007fff8e600000 - 0x00007fff8e719000 	C:\WINDOWS\System32\gdi32full.dll
0x00007fff8e3f0000 - 0x00007fff8e48a000 	C:\WINDOWS\System32\msvcp_win.dll
0x00007fff875e0000 - 0x00007fff875ea000 	C:\WINDOWS\SYSTEM32\VERSION.dll
0x00007fff8ffe0000 - 0x00007fff90011000 	C:\WINDOWS\System32\IMM32.DLL
0x00007fff88540000 - 0x00007fff8854c000 	C:\Program Files\Java\jdk-21\bin\vcruntime140_1.dll
0x00007fff6b1b0000 - 0x00007fff6b23e000 	C:\Program Files\Java\jdk-21\bin\msvcp140.dll
0x00007fff14790000 - 0x00007fff154a7000 	C:\Program Files\Java\jdk-21\bin\server\jvm.dll
0x00007fff8f570000 - 0x00007fff8f5e1000 	C:\WINDOWS\System32\WS2_32.dll
0x00007fff8cb60000 - 0x00007fff8cbad000 	C:\WINDOWS\SYSTEM32\POWRPROF.dll
0x00007fff88850000 - 0x00007fff88884000 	C:\WINDOWS\SYSTEM32\WINMM.dll
0x00007fff8cb40000 - 0x00007fff8cb53000 	C:\WINDOWS\SYSTEM32\UMPDC.dll
0x00007fff8cdf0000 - 0x00007fff8ce08000 	C:\WINDOWS\SYSTEM32\kernel.appcore.dll
0x00007fff84cb0000 - 0x00007fff84cba000 	C:\Program Files\Java\jdk-21\bin\jimage.dll
0x00007fff858a0000 - 0x00007fff85ad2000 	C:\WINDOWS\SYSTEM32\DBGHELP.DLL
0x00007fff8f930000 - 0x00007fff8fcbd000 	C:\WINDOWS\System32\combase.dll
0x00007fff8e810000 - 0x00007fff8e8e7000 	C:\WINDOWS\System32\OLEAUT32.dll
0x00007fff85440000 - 0x00007fff85472000 	C:\WINDOWS\SYSTEM32\dbgcore.DLL
0x00007fff8df00000 - 0x00007fff8df7b000 	C:\WINDOWS\System32\bcryptPrimitives.dll
0x00007fff83d10000 - 0x00007fff83d2f000 	C:\Program Files\Java\jdk-21\bin\java.dll
0x00007fff8eb50000 - 0x00007fff8f3b8000 	C:\WINDOWS\System32\SHELL32.dll
0x00007fff8bc20000 - 0x00007fff8c51e000 	C:\WINDOWS\SYSTEM32\windows.storage.dll
0x00007fff8bae0000 - 0x00007fff8bc1f000 	C:\WINDOWS\SYSTEM32\wintypes.dll
0x00007fff901f0000 - 0x00007fff902e9000 	C:\WINDOWS\System32\SHCORE.dll
0x00007fff8f620000 - 0x00007fff8f67e000 	C:\WINDOWS\System32\shlwapi.dll
0x00007fff8dc40000 - 0x00007fff8dc61000 	C:\WINDOWS\SYSTEM32\profapi.dll
0x00007fff67c80000 - 0x00007fff67d57000 	C:\Program Files\Java\jdk-21\bin\jsvml.dll
0x00007fff84b00000 - 0x00007fff84b10000 	C:\Program Files\Java\jdk-21\bin\net.dll
0x00007fff89220000 - 0x00007fff89356000 	C:\WINDOWS\SYSTEM32\WINHTTP.dll
0x00007fff8d260000 - 0x00007fff8d2c9000 	C:\WINDOWS\system32\mswsock.dll
0x00007fff83ce0000 - 0x00007fff83cf6000 	C:\Program Files\Java\jdk-21\bin\nio.dll
0x00007fff7a440000 - 0x00007fff7a458000 	C:\Program Files\Java\jdk-21\bin\zip.dll
0x00007fff7a3f0000 - 0x00007fff7a400000 	C:\Program Files\Java\jdk-21\bin\verify.dll
0x00007fff7a420000 - 0x00007fff7a429000 	C:\Program Files\Java\jdk-21\bin\attach.dll
0x00007fff8fe70000 - 0x00007fff8fe78000 	C:\WINDOWS\System32\PSAPI.DLL

dbghelp: loaded successfully - version: 4.0.5 - missing functions: none
symbol engine: initialized successfully - sym options: 0x614 - pdb path: .;C:\Program Files\Java\jdk-21\bin;C:\WINDOWS\SYSTEM32;C:\WINDOWS\WinSxS\amd64_microsoft.windows.common-controls_6595b64144ccf1df_6.0.22621.3672_none_2713b9d173822955;C:\Program Files\Java\jdk-21\bin\server

VM Arguments:
jvm_args: -Dnet.bytebuddy.agent.attacher.dump= 
java_command: net.bytebuddy.agent.Attacher com.sun.tools.attach.VirtualMachine 21524 C:\Users\fgonz\.m2\repository\net\bytebuddy\byte-buddy-agent\1.14.18\byte-buddy-agent-1.14.18.jar false 
java_class_path (initial): C:\Users\fgonz\.m2\repository\net\bytebuddy\byte-buddy-agent\1.14.18\byte-buddy-agent-1.14.18.jar
Launcher Type: SUN_STANDARD

[Global flags]
     intx CICompilerCount                          = 4                                         {product} {ergonomic}
     uint ConcGCThreads                            = 3                                         {product} {ergonomic}
     uint G1ConcRefinementThreads                  = 10                                        {product} {ergonomic}
   size_t G1HeapRegionSize                         = 2097152                                   {product} {ergonomic}
    uintx GCDrainStackTargetSize                   = 64                                        {product} {ergonomic}
   size_t InitialHeapSize                          = 268435456                                 {product} {ergonomic}
   size_t MarkStackSize                            = 4194304                                   {product} {ergonomic}
   size_t MaxHeapSize                              = 4276092928                                {product} {ergonomic}
   size_t MaxNewSize                               = 2564816896                                {product} {ergonomic}
   size_t MinHeapDeltaBytes                        = 2097152                                   {product} {ergonomic}
   size_t MinHeapSize                              = 8388608                                   {product} {ergonomic}
    uintx NonNMethodCodeHeapSize                   = 5839372                                {pd product} {ergonomic}
    uintx NonProfiledCodeHeapSize                  = 122909434                              {pd product} {ergonomic}
    uintx ProfiledCodeHeapSize                     = 122909434                              {pd product} {ergonomic}
    uintx ReservedCodeCacheSize                    = 251658240                              {pd product} {ergonomic}
     bool SegmentedCodeCache                       = true                                      {product} {ergonomic}
   size_t SoftMaxHeapSize                          = 4276092928                             {manageable} {ergonomic}
     bool UseCompressedOops                        = true                           {product lp64_product} {ergonomic}
     bool UseG1GC                                  = true                                      {product} {ergonomic}
     bool UseLargePagesIndividualAllocation        = false                                  {pd product} {ergonomic}

Logging:
Log output configuration:
 #0: stdout all=warning uptime,level,tags foldmultilines=false
 #1: stderr all=off uptime,level,tags foldmultilines=false

Environment Variables:
JAVA_HOME=C:\Program Files\Java\jdk-21
PATH=C:\Program Files\Amazon Corretto\jdk11.0.23_9\bin;C:\Program Files\Common Files\Oracle\Java\javapath;C:\Program Files\Oculus\Support\oculus-runtime;C:\WINDOWS\system32;C:\WINDOWS;C:\WINDOWS\System32\Wbem;C:\WINDOWS\System32\WindowsPowerShell\v1.0\;C:\WINDOWS\System32\OpenSSH\;C:\Program Files\Microsoft SQL Server\120\Tools\Binn\;C:\Program Files\Common Files\Autodesk Shared\;C:\WINDOWS\system32;C:\WINDOWS;C:\WINDOWS\System32\Wbem;C:\WINDOWS\System32\WindowsPowerShell\v1.0\;C:\WINDOWS\System32\OpenSSH\;C:\Program Files\Git\cmd;C:\Program Files\dotnet\;C:\Users\fgonz\AppData\Local\Programs\Python\Python311\;C:\Program Files\AutoFirma\AutoFirma;C:\Program Files\apache-maven-3.9.7\bin;C:\Program Files\nodejs\;C:\ProgramData\chocolatey\bin;C:\ProgramData\chocolatey\lib\maven\apache-maven-3.9.8\bin;C:\Program Files\Amazon\AWSCLIV2\;C:\HashiCorp\Vagrant\bin;C:\Program Files\Oracle\VirtualBox;;C:\Program Files\Docker\Docker\resources\bin;C:\Users\fgonz\AppData\Local\Programs\Eclipse Adoptium\jdk-17.0.11.9-hotspot\bin;C:\Users\fgonz\AppData\Local\Programs\Python\Python311\Scripts\;C:\Users\fgonz\AppData\Local\Programs\Python\Python311\;C:\Users\fgonz\AppData\Local\Microsoft\WindowsApps;C:\Users\fgonz\AppData\Local\Programs\Microsoft VS Code\bin;C:\Users\fgonz\AppData\Roaming\pyRevit-Master\bin;C:\Users\fgonz\AppData\Local\GitHubDesktop\bin;C:\Users\fgonz\AppData\Roaming\npm;C:\Program Files\Oracle\VirtualBox
USERNAME=fgonz
OS=Windows_NT
PROCESSOR_IDENTIFIER=Intel64 Family 6 Model 158 Stepping 10, GenuineIntel
TMP=C:\Users\fgonz\AppData\Local\Temp
TEMP=C:\Users\fgonz\AppData\Local\Temp




Periodic native trim disabled

---------------  S Y S T E M  ---------------

OS:
 Windows 11 , 64 bit Build 22621 (10.0.22621.3958)
OS uptime: 22 days 9:11 hours
Hyper-V role detected

CPU: total 12 (initial active 12) (6 cores per cpu, 2 threads per core) family 6 model 158 stepping 10 microcode 0xde, cx8, cmov, fxsr, ht, mmx, 3dnowpref, sse, sse2, sse3, ssse3, sse4.1, sse4.2, popcnt, lzcnt, tsc, tscinvbit, avx, avx2, aes, erms, clmul, bmi1, bmi2, adx, fma, vzeroupper, clflush, clflushopt, hv, rdtscp, f16c
Processor Information for all 12 processors :
  Max Mhz: 2201, Current Mhz: 2200, Mhz Limit: 2178

Memory: 4k page, system-wide physical 16305M (1036M free)
TotalPageFile size 65457M (AvailPageFile size 3M)
current process WorkingSet (physical memory assigned to process): 39M, peak: 39M
current process commit charge ("private bytes"): 345M, peak: 345M

vm_info: Java HotSpot(TM) 64-Bit Server VM (21.0.2+13-LTS-58) for windows-amd64 JRE (21.0.2+13-LTS-58), built on 2024-01-05T18:32:24Z by "mach5one" with MS VC++ 17.1 (VS2022)

END.
