#
# There is insufficient memory for the Java Runtime Environment to continue.
# Native memory allocation (mmap) failed to map 65536 bytes for Failed to commit metaspace.
# Possible reasons:
#   The system is out of physical RAM or swap space
#   The process is running with CompressedOops enabled, and the Java Heap may be blocking the growth of the native heap
# Possible solutions:
#   Reduce memory load on the system
#   Increase physical memory or swap space
#   Check if swap backing store is full
#   Decrease Java heap size (-Xmx/-Xms)
#   Decrease number of Java threads
#   Decrease Java thread stack sizes (-Xss)
#   Set larger code cache with -XX:ReservedCodeCacheSize=
#   JVM is running with Zero Based Compressed Oops mode in which the Java heap is
#     placed in the first 32GB address space. The Java Heap base address is the
#     maximum limit for the native heap growth. Please use -XX:HeapBaseMinAddress
#     to set the Java Heap base and to place the Java Heap above 32GB virtual address.
# This output file may be truncated or incomplete.
#
#  Out of Memory Error (virtualSpaceNode.cpp:112), pid=30032, tid=20964
#
# JRE version: Java(TM) SE Runtime Environment (21.0.2+13) (build 21.0.2+13-LTS-58)
# Java VM: Java HotSpot(TM) 64-Bit Server VM (21.0.2+13-LTS-58, mixed mode, tiered, compressed oops, compressed class ptrs, g1 gc, windows-amd64)
# No core dump will be written. Minidumps are not enabled by default on client versions of Windows
#

---------------  S U M M A R Y ------------

Command Line: -Dnet.bytebuddy.agent.attacher.dump= net.bytebuddy.agent.Attacher com.sun.tools.attach.VirtualMachine 28104 C:\Users\fgonz\.m2\repository\net\bytebuddy\byte-buddy-agent\1.14.18\byte-buddy-agent-1.14.18.jar false 

Host: Intel(R) Core(TM) i7-8750H CPU @ 2.20GHz, 12 cores, 15G,  Windows 11 , 64 bit Build 22621 (10.0.22621.3958)
Time: Fri Sep  6 11:43:51 2024 Hora de verano romance elapsed time: 0.158247 seconds (0d 0h 0m 0s)

---------------  T H R E A D  ---------------

Current thread (0x000001b1e58dc880):  JavaThread "main"             [_thread_in_vm, id=20964, stack(0x0000002dfba00000,0x0000002dfbb00000) (1024K)]

Stack: [0x0000002dfba00000,0x0000002dfbb00000]
Native frames: (J=compiled Java code, j=interpreted, Vv=VM code, C=native code)
V  [jvm.dll+0x6cade9]
V  [jvm.dll+0x8569c1]
V  [jvm.dll+0x858d2e]
V  [jvm.dll+0x859413]
V  [jvm.dll+0x280e56]
V  [jvm.dll+0x8526ee]
V  [jvm.dll+0x66e705]
V  [jvm.dll+0x66e76a]
V  [jvm.dll+0x670f96]
V  [jvm.dll+0x670e62]
V  [jvm.dll+0x66f0de]
V  [jvm.dll+0x26c721]
V  [jvm.dll+0x218617]
V  [jvm.dll+0x20dd9e]
V  [jvm.dll+0x5ad3dc]
V  [jvm.dll+0x21f76a]
V  [jvm.dll+0x7cec21]
V  [jvm.dll+0x7cfc85]
V  [jvm.dll+0x7d022f]
V  [jvm.dll+0x7cfed8]
V  [jvm.dll+0x26ed7b]
V  [jvm.dll+0x3d3c0e]
C  0x000001b1f75aa83f

The last pc belongs to new (printed below).
Java frames: (J=compiled Java code, j=interpreted, Vv=VM code)
j  jdk.internal.org.objectweb.asm.ClassWriter.<init>(Ljdk/internal/org/objectweb/asm/ClassReader;I)V+16 java.base@21.0.2
j  jdk.internal.org.objectweb.asm.ClassWriter.<init>(I)V+3 java.base@21.0.2
j  java.lang.invoke.InvokerBytecodeGenerator.classFilePrologue()Ljdk/internal/org/objectweb/asm/ClassWriter;+7 java.base@21.0.2
j  java.lang.invoke.InvokerBytecodeGenerator.generateCustomizedCodeBytes()[B+1 java.base@21.0.2
j  java.lang.invoke.InvokerBytecodeGenerator.generateCustomizedCode(Ljava/lang/invoke/LambdaForm;Ljava/lang/invoke/MethodType;)Ljava/lang/invoke/MemberName;+27 java.base@21.0.2
j  java.lang.invoke.LambdaForm.compileToBytecode()V+69 java.base@21.0.2
j  java.lang.invoke.LambdaForm.prepare()V+21 java.base@21.0.2
j  java.lang.invoke.MethodHandle.<init>(Ljava/lang/invoke/MethodType;Ljava/lang/invoke/LambdaForm;)V+33 java.base@21.0.2
j  java.lang.invoke.BoundMethodHandle.<init>(Ljava/lang/invoke/MethodType;Ljava/lang/invoke/LambdaForm;)V+3 java.base@21.0.2
j  java.lang.invoke.BoundMethodHandle$Species_L.<init>(Ljava/lang/invoke/MethodType;Ljava/lang/invoke/LambdaForm;Ljava/lang/Object;)V+3 java.base@21.0.2
j  java.lang.invoke.BoundMethodHandle$Species_L.copyWith(Ljava/lang/invoke/MethodType;Ljava/lang/invoke/LambdaForm;)Ljava/lang/invoke/BoundMethodHandle;+10 java.base@21.0.2
j  java.lang.invoke.MethodHandles.dropArgumentsTrusted(Ljava/lang/invoke/MethodHandle;I[Ljava/lang/Class;)Ljava/lang/invoke/MethodHandle;+103 java.base@21.0.2
j  java.lang.invoke.MethodHandles.dropArguments(Ljava/lang/invoke/MethodHandle;I[Ljava/lang/Class;)Ljava/lang/invoke/MethodHandle;+9 java.base@21.0.2
j  jdk.internal.reflect.MethodHandleAccessorFactory.makeSpecializedTarget(Ljava/lang/invoke/MethodHandle;ZZ)Ljava/lang/invoke/MethodHandle;+86 java.base@21.0.2
j  jdk.internal.reflect.MethodHandleAccessorFactory.getDirectMethod(Ljava/lang/reflect/Method;Z)Ljava/lang/invoke/MethodHandle;+79 java.base@21.0.2
j  jdk.internal.reflect.MethodHandleAccessorFactory.newMethodAccessor(Ljava/lang/reflect/Method;Z)Ljdk/internal/reflect/MethodAccessorImpl;+41 java.base@21.0.2
j  jdk.internal.reflect.ReflectionFactory.newMethodAccessor(Ljava/lang/reflect/Method;Z)Ljdk/internal/reflect/MethodAccessor;+28 java.base@21.0.2
j  java.lang.reflect.Method.acquireMethodAccessor()Ljdk/internal/reflect/MethodAccessor;+38 java.base@21.0.2
j  java.lang.reflect.Method.invoke(Ljava/lang/Object;[Ljava/lang/Object;)Ljava/lang/Object;+75 java.base@21.0.2
j  net.bytebuddy.agent.Attacher.install(Ljava/lang/Class;Ljava/lang/String;Ljava/lang/String;ZLjava/lang/String;)V+24
j  net.bytebuddy.agent.Attacher.main([Ljava/lang/String;)V+86
v  ~StubRoutines::call_stub 0x000001b1f759100d
new  187 new  [0x000001b1f75aa6c0, 0x000001b1f75aa8c8]  520 bytes
[MachCode]
  0x000001b1f75aa6c0: 4883 ec08 | c5fa 1104 | 24eb 1f48 | 83ec 10c5 | fb11 0424 | eb14 4883 | ec10 4889 | 0424 48c7 
  0x000001b1f75aa6e0: 4424 0800 | 0000 00eb | 0150 410f | b755 010f | cac1 ea10 | 488b 4de8 | 488b 4908 | 488b 4908 
  0x000001b1f75aa700: 488b 4108 | 807c 1004 | 070f 85d3 | 0000 0066 | 8b54 d148 | 488b 4928 | 488b 4cd1 | 0851 80b9 
  0x000001b1f75aa720: 2001 0000 | 050f 85b6 | 0000 008b | 5108 f6c2 | 010f 85aa | 0000 0049 | 8b87 b801 | 0000 488d 
  0x000001b1f75aa740: 1c10 493b | 9fc8 0100 | 000f 8792 | 0000 0049 | 899f b801 | 0000 4883 | ea10 0f84 | 0f00 0000 
  0x000001b1f75aa760: 33c9 c1ea | 0348 894c | d008 48ff | ca75 f648 | c700 0100 | 0000 5933 | f689 700c | 49ba 0000 
  0x000001b1f75aa780: 0000 0800 | 0000 492b | ca89 4808 | 49ba fa45 | 3b15 ff7f | 0000 4180 | 3a00 0f84 | 3c00 0000 
  0x000001b1f75aa7a0: 5048 8bc8 | 4883 ec20 | 40f6 c40f | 0f84 1900 | 0000 4883 | ec08 48b8 | 8009 ec14 | ff7f 0000 
  0x000001b1f75aa7c0: ffd0 4883 | c408 e90c | 0000 0048 | b880 09ec | 14ff 7f00 | 00ff d048 | 83c4 2058 | e9cb 0000 
  0x000001b1f75aa7e0: 0059 488b | 55e8 488b | 5208 488b | 5208 450f | b745 0141 | 0fc8 41c1 | e810 e805 | 0000 00e9 
  0x000001b1f75aa800: a800 0000 | 488d 4424 | 084c 896d | c049 8bcf | c5f8 7749 | 89af a803 | 0000 4989 | 8798 0300 
  0x000001b1f75aa820: 0048 83ec | 2040 f6c4 | 0f0f 8419 | 0000 0048 | 83ec 0848 | b8c0 3bb6 | 14ff 7f00 | 00ff d048 
  0x000001b1f75aa840: 83c4 08e9 | 0c00 0000 | 48b8 c03b | b614 ff7f | 0000 ffd0 | 4883 c420 | 49c7 8798 | 0300 0000 
  0x000001b1f75aa860: 0000 0049 | c787 a803 | 0000 0000 | 0000 49c7 | 87a0 0300 | 0000 0000 | 00c5 f877 | 4983 7f08 
  0x000001b1f75aa880: 000f 8405 | 0000 00e9 | 7466 feff | 498b 87f0 | 0300 0049 | c787 f003 | 0000 0000 | 0000 4c8b 
  0x000001b1f75aa8a0: 6dc0 4c8b | 75c8 4e8d | 74f5 00c3 | 410f b65d | 0349 83c5 | 0349 ba00 | 073e 15ff | 7f00 0041 
  0x000001b1f75aa8c0: ff24 da0f | 1f44 0000 
[/MachCode]

---------------  P R O C E S S  ---------------

Threads class SMR info:
_java_thread_list=0x000001b1874b5b40, length=11, elements={
0x000001b1e58dc880, 0x000001b1872d59e0, 0x000001b1872943e0, 0x000001b1872c3410,
0x000001b1872c3e70, 0x000001b1872c5af0, 0x000001b1872ea4a0, 0x000001b1872eb500,
0x000001b1872ec1b0, 0x000001b1872e7020, 0x000001b1872e9e10
}

Java Threads: ( => current thread )
=>0x000001b1e58dc880 JavaThread "main"                              [_thread_in_vm, id=20964, stack(0x0000002dfba00000,0x0000002dfbb00000) (1024K)]
  0x000001b1872d59e0 JavaThread "Reference Handler"          daemon [_thread_blocked, id=8684, stack(0x0000002dfc200000,0x0000002dfc300000) (1024K)]
  0x000001b1872943e0 JavaThread "Finalizer"                  daemon [_thread_blocked, id=11184, stack(0x0000002dfc300000,0x0000002dfc400000) (1024K)]
  0x000001b1872c3410 JavaThread "Signal Dispatcher"          daemon [_thread_blocked, id=21632, stack(0x0000002dfc400000,0x0000002dfc500000) (1024K)]
  0x000001b1872c3e70 JavaThread "Attach Listener"            daemon [_thread_blocked, id=24812, stack(0x0000002dfc500000,0x0000002dfc600000) (1024K)]
  0x000001b1872c5af0 JavaThread "Service Thread"             daemon [_thread_blocked, id=20220, stack(0x0000002dfc600000,0x0000002dfc700000) (1024K)]
  0x000001b1872ea4a0 JavaThread "Monitor Deflation Thread"   daemon [_thread_blocked, id=3704, stack(0x0000002dfc700000,0x0000002dfc800000) (1024K)]
  0x000001b1872eb500 JavaThread "C2 CompilerThread0"         daemon [_thread_blocked, id=3892, stack(0x0000002dfc800000,0x0000002dfc900000) (1024K)]
  0x000001b1872ec1b0 JavaThread "C1 CompilerThread0"         daemon [_thread_blocked, id=13980, stack(0x0000002dfc900000,0x0000002dfca00000) (1024K)]
  0x000001b1872e7020 JavaThread "Notification Thread"        daemon [_thread_blocked, id=6892, stack(0x0000002dfca00000,0x0000002dfcb00000) (1024K)]
  0x000001b1872e9e10 JavaThread "Common-Cleaner"             daemon [_thread_blocked, id=37448, stack(0x0000002dfcb00000,0x0000002dfcc00000) (1024K)]
Total: 11

Other Threads:
  0x000001b187220900 VMThread "VM Thread"                           [id=16496, stack(0x0000002dfc100000,0x0000002dfc200000) (1024K)]
  0x000001b1871cd490 WatcherThread "VM Periodic Task Thread"        [id=25760, stack(0x0000002dfc000000,0x0000002dfc100000) (1024K)]
  0x000001b1e7c608b0 WorkerThread "GC Thread#0"                     [id=1424, stack(0x0000002dfbb00000,0x0000002dfbc00000) (1024K)]
  0x000001b1e7c72b70 ConcurrentGCThread "G1 Main Marker"            [id=37208, stack(0x0000002dfbc00000,0x0000002dfbd00000) (1024K)]
  0x000001b1e7c73820 WorkerThread "G1 Conc#0"                       [id=2148, stack(0x0000002dfbd00000,0x0000002dfbe00000) (1024K)]
  0x000001b1e7cbe970 ConcurrentGCThread "G1 Refine#0"               [id=35548, stack(0x0000002dfbe00000,0x0000002dfbf00000) (1024K)]
  0x000001b1870906c0 ConcurrentGCThread "G1 Service"                [id=16768, stack(0x0000002dfbf00000,0x0000002dfc000000) (1024K)]
Total: 7

Threads with active compile tasks:
Total: 0

VM state: not at safepoint (normal execution)

VM Mutex/Monitor currently owned by a thread:  ([mutex/lock_event])
[0x00007fff153cace8] Metaspace_lock - owner thread: 0x000001b1e58dc880

Heap address: 0x0000000701200000, size: 4078 MB, Compressed Oops mode: Zero based, Oop shift amount: 3

CDS archive(s) not mapped
Compressed class space mapped at: 0x0000000800000000-0x0000000840000000, reserved size: 1073741824
Narrow klass base: 0x0000000800000000, Narrow klass shift: 0, Narrow klass range: 0x40000000

GC Precious Log:
 CardTable entry size: 512
 Card Set container configuration: InlinePtr #cards 4 size 8 Array Of Cards #cards 16 size 48 Howl #buckets 8 coarsen threshold 3686 Howl Bitmap #cards 512 size 80 coarsen threshold 460 Card regions per heap region 1 cards per card region 4096
 CPUs: 12 total, 12 available
 Memory: 16305M
 Large Page Support: Disabled
 NUMA Support: Disabled
 Compressed Oops: Enabled (Zero based)
 Heap Region Size: 2M
 Heap Min Capacity: 8M
 Heap Initial Capacity: 256M
 Heap Max Capacity: 4078M
 Pre-touch: Disabled
 Parallel Workers: 10
 Concurrent Workers: 3
 Concurrent Refinement Workers: 10
 Periodic GC: Disabled

Heap:
 garbage-first heap   total 262144K, used 2048K [0x0000000701200000, 0x0000000800000000)
  region size 2048K, 2 young (4096K), 0 survivors (0K)
 Metaspace       used 6278K, committed 6336K, reserved 1114112K
  class space    used 501K, committed 512K, reserved 1048576K

Heap Regions: E=young(eden), S=young(survivor), O=old, HS=humongous(starts), HC=humongous(continues), CS=collection set, F=free, TAMS=top-at-mark-start, PB=parsable bottom
|   0|0x0000000701200000, 0x0000000701200000, 0x0000000701400000|  0%| F|  |TAMS 0x0000000701200000| PB 0x0000000701200000| Untracked 
|   1|0x0000000701400000, 0x0000000701400000, 0x0000000701600000|  0%| F|  |TAMS 0x0000000701400000| PB 0x0000000701400000| Untracked 
|   2|0x0000000701600000, 0x0000000701600000, 0x0000000701800000|  0%| F|  |TAMS 0x0000000701600000| PB 0x0000000701600000| Untracked 
|   3|0x0000000701800000, 0x0000000701800000, 0x0000000701a00000|  0%| F|  |TAMS 0x0000000701800000| PB 0x0000000701800000| Untracked 
|   4|0x0000000701a00000, 0x0000000701a00000, 0x0000000701c00000|  0%| F|  |TAMS 0x0000000701a00000| PB 0x0000000701a00000| Untracked 
|   5|0x0000000701c00000, 0x0000000701c00000, 0x0000000701e00000|  0%| F|  |TAMS 0x0000000701c00000| PB 0x0000000701c00000| Untracked 
|   6|0x0000000701e00000, 0x0000000701e00000, 0x0000000702000000|  0%| F|  |TAMS 0x0000000701e00000| PB 0x0000000701e00000| Untracked 
|   7|0x0000000702000000, 0x0000000702000000, 0x0000000702200000|  0%| F|  |TAMS 0x0000000702000000| PB 0x0000000702000000| Untracked 
|   8|0x0000000702200000, 0x0000000702200000, 0x0000000702400000|  0%| F|  |TAMS 0x0000000702200000| PB 0x0000000702200000| Untracked 
|   9|0x0000000702400000, 0x0000000702400000, 0x0000000702600000|  0%| F|  |TAMS 0x0000000702400000| PB 0x0000000702400000| Untracked 
|  10|0x0000000702600000, 0x0000000702600000, 0x0000000702800000|  0%| F|  |TAMS 0x0000000702600000| PB 0x0000000702600000| Untracked 
|  11|0x0000000702800000, 0x0000000702800000, 0x0000000702a00000|  0%| F|  |TAMS 0x0000000702800000| PB 0x0000000702800000| Untracked 
|  12|0x0000000702a00000, 0x0000000702a00000, 0x0000000702c00000|  0%| F|  |TAMS 0x0000000702a00000| PB 0x0000000702a00000| Untracked 
|  13|0x0000000702c00000, 0x0000000702c00000, 0x0000000702e00000|  0%| F|  |TAMS 0x0000000702c00000| PB 0x0000000702c00000| Untracked 
|  14|0x0000000702e00000, 0x0000000702e00000, 0x0000000703000000|  0%| F|  |TAMS 0x0000000702e00000| PB 0x0000000702e00000| Untracked 
|  15|0x0000000703000000, 0x0000000703000000, 0x0000000703200000|  0%| F|  |TAMS 0x0000000703000000| PB 0x0000000703000000| Untracked 
|  16|0x0000000703200000, 0x0000000703200000, 0x0000000703400000|  0%| F|  |TAMS 0x0000000703200000| PB 0x0000000703200000| Untracked 
|  17|0x0000000703400000, 0x0000000703400000, 0x0000000703600000|  0%| F|  |TAMS 0x0000000703400000| PB 0x0000000703400000| Untracked 
|  18|0x0000000703600000, 0x0000000703600000, 0x0000000703800000|  0%| F|  |TAMS 0x0000000703600000| PB 0x0000000703600000| Untracked 
|  19|0x0000000703800000, 0x0000000703800000, 0x0000000703a00000|  0%| F|  |TAMS 0x0000000703800000| PB 0x0000000703800000| Untracked 
|  20|0x0000000703a00000, 0x0000000703a00000, 0x0000000703c00000|  0%| F|  |TAMS 0x0000000703a00000| PB 0x0000000703a00000| Untracked 
|  21|0x0000000703c00000, 0x0000000703c00000, 0x0000000703e00000|  0%| F|  |TAMS 0x0000000703c00000| PB 0x0000000703c00000| Untracked 
|  22|0x0000000703e00000, 0x0000000703e00000, 0x0000000704000000|  0%| F|  |TAMS 0x0000000703e00000| PB 0x0000000703e00000| Untracked 
|  23|0x0000000704000000, 0x0000000704000000, 0x0000000704200000|  0%| F|  |TAMS 0x0000000704000000| PB 0x0000000704000000| Untracked 
|  24|0x0000000704200000, 0x0000000704200000, 0x0000000704400000|  0%| F|  |TAMS 0x0000000704200000| PB 0x0000000704200000| Untracked 
|  25|0x0000000704400000, 0x0000000704400000, 0x0000000704600000|  0%| F|  |TAMS 0x0000000704400000| PB 0x0000000704400000| Untracked 
|  26|0x0000000704600000, 0x0000000704600000, 0x0000000704800000|  0%| F|  |TAMS 0x0000000704600000| PB 0x0000000704600000| Untracked 
|  27|0x0000000704800000, 0x0000000704800000, 0x0000000704a00000|  0%| F|  |TAMS 0x0000000704800000| PB 0x0000000704800000| Untracked 
|  28|0x0000000704a00000, 0x0000000704a00000, 0x0000000704c00000|  0%| F|  |TAMS 0x0000000704a00000| PB 0x0000000704a00000| Untracked 
|  29|0x0000000704c00000, 0x0000000704c00000, 0x0000000704e00000|  0%| F|  |TAMS 0x0000000704c00000| PB 0x0000000704c00000| Untracked 
|  30|0x0000000704e00000, 0x0000000704e00000, 0x0000000705000000|  0%| F|  |TAMS 0x0000000704e00000| PB 0x0000000704e00000| Untracked 
|  31|0x0000000705000000, 0x0000000705000000, 0x0000000705200000|  0%| F|  |TAMS 0x0000000705000000| PB 0x0000000705000000| Untracked 
|  32|0x0000000705200000, 0x0000000705200000, 0x0000000705400000|  0%| F|  |TAMS 0x0000000705200000| PB 0x0000000705200000| Untracked 
|  33|0x0000000705400000, 0x0000000705400000, 0x0000000705600000|  0%| F|  |TAMS 0x0000000705400000| PB 0x0000000705400000| Untracked 
|  34|0x0000000705600000, 0x0000000705600000, 0x0000000705800000|  0%| F|  |TAMS 0x0000000705600000| PB 0x0000000705600000| Untracked 
|  35|0x0000000705800000, 0x0000000705800000, 0x0000000705a00000|  0%| F|  |TAMS 0x0000000705800000| PB 0x0000000705800000| Untracked 
|  36|0x0000000705a00000, 0x0000000705a00000, 0x0000000705c00000|  0%| F|  |TAMS 0x0000000705a00000| PB 0x0000000705a00000| Untracked 
|  37|0x0000000705c00000, 0x0000000705c00000, 0x0000000705e00000|  0%| F|  |TAMS 0x0000000705c00000| PB 0x0000000705c00000| Untracked 
|  38|0x0000000705e00000, 0x0000000705e00000, 0x0000000706000000|  0%| F|  |TAMS 0x0000000705e00000| PB 0x0000000705e00000| Untracked 
|  39|0x0000000706000000, 0x0000000706000000, 0x0000000706200000|  0%| F|  |TAMS 0x0000000706000000| PB 0x0000000706000000| Untracked 
|  40|0x0000000706200000, 0x0000000706200000, 0x0000000706400000|  0%| F|  |TAMS 0x0000000706200000| PB 0x0000000706200000| Untracked 
|  41|0x0000000706400000, 0x0000000706400000, 0x0000000706600000|  0%| F|  |TAMS 0x0000000706400000| PB 0x0000000706400000| Untracked 
|  42|0x0000000706600000, 0x0000000706600000, 0x0000000706800000|  0%| F|  |TAMS 0x0000000706600000| PB 0x0000000706600000| Untracked 
|  43|0x0000000706800000, 0x0000000706800000, 0x0000000706a00000|  0%| F|  |TAMS 0x0000000706800000| PB 0x0000000706800000| Untracked 
|  44|0x0000000706a00000, 0x0000000706a00000, 0x0000000706c00000|  0%| F|  |TAMS 0x0000000706a00000| PB 0x0000000706a00000| Untracked 
|  45|0x0000000706c00000, 0x0000000706c00000, 0x0000000706e00000|  0%| F|  |TAMS 0x0000000706c00000| PB 0x0000000706c00000| Untracked 
|  46|0x0000000706e00000, 0x0000000706e00000, 0x0000000707000000|  0%| F|  |TAMS 0x0000000706e00000| PB 0x0000000706e00000| Untracked 
|  47|0x0000000707000000, 0x0000000707000000, 0x0000000707200000|  0%| F|  |TAMS 0x0000000707000000| PB 0x0000000707000000| Untracked 
|  48|0x0000000707200000, 0x0000000707200000, 0x0000000707400000|  0%| F|  |TAMS 0x0000000707200000| PB 0x0000000707200000| Untracked 
|  49|0x0000000707400000, 0x0000000707400000, 0x0000000707600000|  0%| F|  |TAMS 0x0000000707400000| PB 0x0000000707400000| Untracked 
|  50|0x0000000707600000, 0x0000000707600000, 0x0000000707800000|  0%| F|  |TAMS 0x0000000707600000| PB 0x0000000707600000| Untracked 
|  51|0x0000000707800000, 0x0000000707800000, 0x0000000707a00000|  0%| F|  |TAMS 0x0000000707800000| PB 0x0000000707800000| Untracked 
|  52|0x0000000707a00000, 0x0000000707a00000, 0x0000000707c00000|  0%| F|  |TAMS 0x0000000707a00000| PB 0x0000000707a00000| Untracked 
|  53|0x0000000707c00000, 0x0000000707c00000, 0x0000000707e00000|  0%| F|  |TAMS 0x0000000707c00000| PB 0x0000000707c00000| Untracked 
|  54|0x0000000707e00000, 0x0000000707e00000, 0x0000000708000000|  0%| F|  |TAMS 0x0000000707e00000| PB 0x0000000707e00000| Untracked 
|  55|0x0000000708000000, 0x0000000708000000, 0x0000000708200000|  0%| F|  |TAMS 0x0000000708000000| PB 0x0000000708000000| Untracked 
|  56|0x0000000708200000, 0x0000000708200000, 0x0000000708400000|  0%| F|  |TAMS 0x0000000708200000| PB 0x0000000708200000| Untracked 
|  57|0x0000000708400000, 0x0000000708400000, 0x0000000708600000|  0%| F|  |TAMS 0x0000000708400000| PB 0x0000000708400000| Untracked 
|  58|0x0000000708600000, 0x0000000708600000, 0x0000000708800000|  0%| F|  |TAMS 0x0000000708600000| PB 0x0000000708600000| Untracked 
|  59|0x0000000708800000, 0x0000000708800000, 0x0000000708a00000|  0%| F|  |TAMS 0x0000000708800000| PB 0x0000000708800000| Untracked 
|  60|0x0000000708a00000, 0x0000000708a00000, 0x0000000708c00000|  0%| F|  |TAMS 0x0000000708a00000| PB 0x0000000708a00000| Untracked 
|  61|0x0000000708c00000, 0x0000000708c00000, 0x0000000708e00000|  0%| F|  |TAMS 0x0000000708c00000| PB 0x0000000708c00000| Untracked 
|  62|0x0000000708e00000, 0x0000000708e00000, 0x0000000709000000|  0%| F|  |TAMS 0x0000000708e00000| PB 0x0000000708e00000| Untracked 
|  63|0x0000000709000000, 0x0000000709000000, 0x0000000709200000|  0%| F|  |TAMS 0x0000000709000000| PB 0x0000000709000000| Untracked 
|  64|0x0000000709200000, 0x0000000709200000, 0x0000000709400000|  0%| F|  |TAMS 0x0000000709200000| PB 0x0000000709200000| Untracked 
|  65|0x0000000709400000, 0x0000000709400000, 0x0000000709600000|  0%| F|  |TAMS 0x0000000709400000| PB 0x0000000709400000| Untracked 
|  66|0x0000000709600000, 0x0000000709600000, 0x0000000709800000|  0%| F|  |TAMS 0x0000000709600000| PB 0x0000000709600000| Untracked 
|  67|0x0000000709800000, 0x0000000709800000, 0x0000000709a00000|  0%| F|  |TAMS 0x0000000709800000| PB 0x0000000709800000| Untracked 
|  68|0x0000000709a00000, 0x0000000709a00000, 0x0000000709c00000|  0%| F|  |TAMS 0x0000000709a00000| PB 0x0000000709a00000| Untracked 
|  69|0x0000000709c00000, 0x0000000709c00000, 0x0000000709e00000|  0%| F|  |TAMS 0x0000000709c00000| PB 0x0000000709c00000| Untracked 
|  70|0x0000000709e00000, 0x0000000709e00000, 0x000000070a000000|  0%| F|  |TAMS 0x0000000709e00000| PB 0x0000000709e00000| Untracked 
|  71|0x000000070a000000, 0x000000070a000000, 0x000000070a200000|  0%| F|  |TAMS 0x000000070a000000| PB 0x000000070a000000| Untracked 
|  72|0x000000070a200000, 0x000000070a200000, 0x000000070a400000|  0%| F|  |TAMS 0x000000070a200000| PB 0x000000070a200000| Untracked 
|  73|0x000000070a400000, 0x000000070a400000, 0x000000070a600000|  0%| F|  |TAMS 0x000000070a400000| PB 0x000000070a400000| Untracked 
|  74|0x000000070a600000, 0x000000070a600000, 0x000000070a800000|  0%| F|  |TAMS 0x000000070a600000| PB 0x000000070a600000| Untracked 
|  75|0x000000070a800000, 0x000000070a800000, 0x000000070aa00000|  0%| F|  |TAMS 0x000000070a800000| PB 0x000000070a800000| Untracked 
|  76|0x000000070aa00000, 0x000000070aa00000, 0x000000070ac00000|  0%| F|  |TAMS 0x000000070aa00000| PB 0x000000070aa00000| Untracked 
|  77|0x000000070ac00000, 0x000000070ac00000, 0x000000070ae00000|  0%| F|  |TAMS 0x000000070ac00000| PB 0x000000070ac00000| Untracked 
|  78|0x000000070ae00000, 0x000000070ae00000, 0x000000070b000000|  0%| F|  |TAMS 0x000000070ae00000| PB 0x000000070ae00000| Untracked 
|  79|0x000000070b000000, 0x000000070b000000, 0x000000070b200000|  0%| F|  |TAMS 0x000000070b000000| PB 0x000000070b000000| Untracked 
|  80|0x000000070b200000, 0x000000070b200000, 0x000000070b400000|  0%| F|  |TAMS 0x000000070b200000| PB 0x000000070b200000| Untracked 
|  81|0x000000070b400000, 0x000000070b400000, 0x000000070b600000|  0%| F|  |TAMS 0x000000070b400000| PB 0x000000070b400000| Untracked 
|  82|0x000000070b600000, 0x000000070b600000, 0x000000070b800000|  0%| F|  |TAMS 0x000000070b600000| PB 0x000000070b600000| Untracked 
|  83|0x000000070b800000, 0x000000070b800000, 0x000000070ba00000|  0%| F|  |TAMS 0x000000070b800000| PB 0x000000070b800000| Untracked 
|  84|0x000000070ba00000, 0x000000070ba00000, 0x000000070bc00000|  0%| F|  |TAMS 0x000000070ba00000| PB 0x000000070ba00000| Untracked 
|  85|0x000000070bc00000, 0x000000070bc00000, 0x000000070be00000|  0%| F|  |TAMS 0x000000070bc00000| PB 0x000000070bc00000| Untracked 
|  86|0x000000070be00000, 0x000000070be00000, 0x000000070c000000|  0%| F|  |TAMS 0x000000070be00000| PB 0x000000070be00000| Untracked 
|  87|0x000000070c000000, 0x000000070c000000, 0x000000070c200000|  0%| F|  |TAMS 0x000000070c000000| PB 0x000000070c000000| Untracked 
|  88|0x000000070c200000, 0x000000070c200000, 0x000000070c400000|  0%| F|  |TAMS 0x000000070c200000| PB 0x000000070c200000| Untracked 
|  89|0x000000070c400000, 0x000000070c400000, 0x000000070c600000|  0%| F|  |TAMS 0x000000070c400000| PB 0x000000070c400000| Untracked 
|  90|0x000000070c600000, 0x000000070c600000, 0x000000070c800000|  0%| F|  |TAMS 0x000000070c600000| PB 0x000000070c600000| Untracked 
|  91|0x000000070c800000, 0x000000070c800000, 0x000000070ca00000|  0%| F|  |TAMS 0x000000070c800000| PB 0x000000070c800000| Untracked 
|  92|0x000000070ca00000, 0x000000070ca00000, 0x000000070cc00000|  0%| F|  |TAMS 0x000000070ca00000| PB 0x000000070ca00000| Untracked 
|  93|0x000000070cc00000, 0x000000070cc00000, 0x000000070ce00000|  0%| F|  |TAMS 0x000000070cc00000| PB 0x000000070cc00000| Untracked 
|  94|0x000000070ce00000, 0x000000070ce00000, 0x000000070d000000|  0%| F|  |TAMS 0x000000070ce00000| PB 0x000000070ce00000| Untracked 
|  95|0x000000070d000000, 0x000000070d000000, 0x000000070d200000|  0%| F|  |TAMS 0x000000070d000000| PB 0x000000070d000000| Untracked 
|  96|0x000000070d200000, 0x000000070d200000, 0x000000070d400000|  0%| F|  |TAMS 0x000000070d200000| PB 0x000000070d200000| Untracked 
|  97|0x000000070d400000, 0x000000070d400000, 0x000000070d600000|  0%| F|  |TAMS 0x000000070d400000| PB 0x000000070d400000| Untracked 
|  98|0x000000070d600000, 0x000000070d600000, 0x000000070d800000|  0%| F|  |TAMS 0x000000070d600000| PB 0x000000070d600000| Untracked 
|  99|0x000000070d800000, 0x000000070d800000, 0x000000070da00000|  0%| F|  |TAMS 0x000000070d800000| PB 0x000000070d800000| Untracked 
| 100|0x000000070da00000, 0x000000070da00000, 0x000000070dc00000|  0%| F|  |TAMS 0x000000070da00000| PB 0x000000070da00000| Untracked 
| 101|0x000000070dc00000, 0x000000070dc00000, 0x000000070de00000|  0%| F|  |TAMS 0x000000070dc00000| PB 0x000000070dc00000| Untracked 
| 102|0x000000070de00000, 0x000000070de00000, 0x000000070e000000|  0%| F|  |TAMS 0x000000070de00000| PB 0x000000070de00000| Untracked 
| 103|0x000000070e000000, 0x000000070e000000, 0x000000070e200000|  0%| F|  |TAMS 0x000000070e000000| PB 0x000000070e000000| Untracked 
| 104|0x000000070e200000, 0x000000070e200000, 0x000000070e400000|  0%| F|  |TAMS 0x000000070e200000| PB 0x000000070e200000| Untracked 
| 105|0x000000070e400000, 0x000000070e400000, 0x000000070e600000|  0%| F|  |TAMS 0x000000070e400000| PB 0x000000070e400000| Untracked 
| 106|0x000000070e600000, 0x000000070e600000, 0x000000070e800000|  0%| F|  |TAMS 0x000000070e600000| PB 0x000000070e600000| Untracked 
| 107|0x000000070e800000, 0x000000070e800000, 0x000000070ea00000|  0%| F|  |TAMS 0x000000070e800000| PB 0x000000070e800000| Untracked 
| 108|0x000000070ea00000, 0x000000070ea00000, 0x000000070ec00000|  0%| F|  |TAMS 0x000000070ea00000| PB 0x000000070ea00000| Untracked 
| 109|0x000000070ec00000, 0x000000070ec00000, 0x000000070ee00000|  0%| F|  |TAMS 0x000000070ec00000| PB 0x000000070ec00000| Untracked 
| 110|0x000000070ee00000, 0x000000070ee00000, 0x000000070f000000|  0%| F|  |TAMS 0x000000070ee00000| PB 0x000000070ee00000| Untracked 
| 111|0x000000070f000000, 0x000000070f000000, 0x000000070f200000|  0%| F|  |TAMS 0x000000070f000000| PB 0x000000070f000000| Untracked 
| 112|0x000000070f200000, 0x000000070f200000, 0x000000070f400000|  0%| F|  |TAMS 0x000000070f200000| PB 0x000000070f200000| Untracked 
| 113|0x000000070f400000, 0x000000070f400000, 0x000000070f600000|  0%| F|  |TAMS 0x000000070f400000| PB 0x000000070f400000| Untracked 
| 114|0x000000070f600000, 0x000000070f600000, 0x000000070f800000|  0%| F|  |TAMS 0x000000070f600000| PB 0x000000070f600000| Untracked 
| 115|0x000000070f800000, 0x000000070f800000, 0x000000070fa00000|  0%| F|  |TAMS 0x000000070f800000| PB 0x000000070f800000| Untracked 
| 116|0x000000070fa00000, 0x000000070fa00000, 0x000000070fc00000|  0%| F|  |TAMS 0x000000070fa00000| PB 0x000000070fa00000| Untracked 
| 117|0x000000070fc00000, 0x000000070fc00000, 0x000000070fe00000|  0%| F|  |TAMS 0x000000070fc00000| PB 0x000000070fc00000| Untracked 
| 118|0x000000070fe00000, 0x000000070fe00000, 0x0000000710000000|  0%| F|  |TAMS 0x000000070fe00000| PB 0x000000070fe00000| Untracked 
| 119|0x0000000710000000, 0x0000000710000000, 0x0000000710200000|  0%| F|  |TAMS 0x0000000710000000| PB 0x0000000710000000| Untracked 
| 120|0x0000000710200000, 0x0000000710200000, 0x0000000710400000|  0%| F|  |TAMS 0x0000000710200000| PB 0x0000000710200000| Untracked 
| 121|0x0000000710400000, 0x0000000710400000, 0x0000000710600000|  0%| F|  |TAMS 0x0000000710400000| PB 0x0000000710400000| Untracked 
| 122|0x0000000710600000, 0x0000000710600000, 0x0000000710800000|  0%| F|  |TAMS 0x0000000710600000| PB 0x0000000710600000| Untracked 
| 123|0x0000000710800000, 0x0000000710800000, 0x0000000710a00000|  0%| F|  |TAMS 0x0000000710800000| PB 0x0000000710800000| Untracked 
| 124|0x0000000710a00000, 0x0000000710a00000, 0x0000000710c00000|  0%| F|  |TAMS 0x0000000710a00000| PB 0x0000000710a00000| Untracked 
| 125|0x0000000710c00000, 0x0000000710c00000, 0x0000000710e00000|  0%| F|  |TAMS 0x0000000710c00000| PB 0x0000000710c00000| Untracked 
| 126|0x0000000710e00000, 0x0000000710ee1cf8, 0x0000000711000000| 44%| E|  |TAMS 0x0000000710e00000| PB 0x0000000710e00000| Complete 
| 127|0x0000000711000000, 0x0000000711200000, 0x0000000711200000|100%| E|CS|TAMS 0x0000000711000000| PB 0x0000000711000000| Complete 

Card table byte_map: [0x000001b180000000,0x000001b180800000] _byte_map_base: 0x000001b17c7f7000

Marking Bits: (CMBitMap*) 0x000001b1e7c60fb0
 Bits: [0x000001b180800000, 0x000001b1847b8000)

Polling page: 0x000001b1e5b60000

Metaspace:

Usage:
  Non-class:      5.64 MB used.
      Class:    501.48 KB used.
       Both:      6.13 MB used.

Virtual space:
  Non-class space:       64.00 MB reserved,       5.69 MB (  9%) committed,  1 nodes.
      Class space:        1.00 GB reserved,     512.00 KB ( <1%) committed,  1 nodes.
             Both:        1.06 GB reserved,       6.19 MB ( <1%) committed. 

Chunk freelists:
   Non-Class:  10.23 MB
       Class:  15.50 MB
        Both:  25.73 MB

MaxMetaspaceSize: unlimited
CompressedClassSpaceSize: 1.00 GB
Initial GC threshold: 21.00 MB
Current GC threshold: 21.00 MB
CDS: off
 - commit_granule_bytes: 65536.
 - commit_granule_words: 8192.
 - virtual_space_node_default_size: 8388608.
 - enlarge_chunks_in_place: 1.
 - use_allocation_guard: 0.


Internal statistics:

num_allocs_failed_limit: 0.
num_arena_births: 4.
num_arena_deaths: 0.
num_vsnodes_births: 2.
num_vsnodes_deaths: 0.
num_space_committed: 99.
num_space_uncommitted: 0.
num_chunks_returned_to_freelist: 0.
num_chunks_taken_from_freelist: 17.
num_chunk_merges: 0.
num_chunk_splits: 6.
num_chunks_enlarged: 2.
num_inconsistent_stats: 0.

CodeHeap 'non-profiled nmethods': size=120000Kb used=19Kb max_used=19Kb free=119981Kb
 bounds [0x000001b1f7b30000, 0x000001b1f7da0000, 0x000001b1ff060000]
CodeHeap 'profiled nmethods': size=120000Kb used=117Kb max_used=117Kb free=119883Kb
 bounds [0x000001b1f0060000, 0x000001b1f02d0000, 0x000001b1f7590000]
CodeHeap 'non-nmethods': size=5760Kb used=1256Kb max_used=1256Kb free=4503Kb
 bounds [0x000001b1f7590000, 0x000001b1f7800000, 0x000001b1f7b30000]
 total_blobs=469 nmethods=91 adapters=283
 compilation: enabled
              stopped_count=0, restarted_count=0
 full_count=0

Compilation events (20 events):
Event: 0.142 Thread 0x000001b1872ec1b0   76       3       java.util.Optional::orElse (16 bytes)
Event: 0.142 Thread 0x000001b1872ec1b0 nmethod 76 0x000001b1f0078f90 code [0x000001b1f0079140, 0x000001b1f00792c8]
Event: 0.142 Thread 0x000001b1872ec1b0   78       3       java.nio.Buffer::session (20 bytes)
Event: 0.142 Thread 0x000001b1872ec1b0 nmethod 78 0x000001b1f0079390 code [0x000001b1f0079560, 0x000001b1f0079848]
Event: 0.142 Thread 0x000001b1872ec1b0   79       3       java.nio.Buffer::checkIndex (12 bytes)
Event: 0.142 Thread 0x000001b1872ec1b0 nmethod 79 0x000001b1f0079910 code [0x000001b1f0079ac0, 0x000001b1f0079c20]
Event: 0.142 Thread 0x000001b1872ec1b0   80   !   3       java.nio.DirectByteBuffer::get (34 bytes)
Event: 0.143 Thread 0x000001b1872ec1b0 nmethod 80 0x000001b1f0079d10 code [0x000001b1f0079f60, 0x000001b1f007a8b8]
Event: 0.143 Thread 0x000001b1872ec1b0   81       3       java.nio.DirectByteBuffer::ix (10 bytes)
Event: 0.143 Thread 0x000001b1872ec1b0 nmethod 81 0x000001b1f007ad90 code [0x000001b1f007af20, 0x000001b1f007b038]
Event: 0.143 Thread 0x000001b1872ec1b0   83   !   3       jdk.internal.misc.ScopedMemoryAccess::getByte (16 bytes)
Event: 0.143 Thread 0x000001b1872ec1b0 nmethod 83 0x000001b1f007b110 code [0x000001b1f007b300, 0x000001b1f007b6e8]
Event: 0.144 Thread 0x000001b1872ec1b0   84   !   3       jdk.internal.misc.ScopedMemoryAccess::getByteInternal (34 bytes)
Event: 0.144 Thread 0x000001b1872ec1b0 nmethod 84 0x000001b1f007b910 code [0x000001b1f007bac0, 0x000001b1f007bd28]
Event: 0.144 Thread 0x000001b1872ec1b0   85       3       java.lang.String::getBytes (44 bytes)
Event: 0.144 Thread 0x000001b1872ec1b0 nmethod 85 0x000001b1f007be90 code [0x000001b1f007c060, 0x000001b1f007c370]
Event: 0.144 Thread 0x000001b1872ec1b0   82       3       java.util.Arrays::copyOfRangeByte (33 bytes)
Event: 0.144 Thread 0x000001b1872ec1b0 nmethod 82 0x000001b1f007c490 code [0x000001b1f007c700, 0x000001b1f007d028]
Event: 0.155 Thread 0x000001b1872ec1b0   91       1       java.lang.Enum::ordinal (5 bytes)
Event: 0.156 Thread 0x000001b1872ec1b0 nmethod 91 0x000001b1f7b34910 code [0x000001b1f7b34aa0, 0x000001b1f7b34b68]

GC Heap History (0 events):
No events

Dll operation events (7 events):
Event: 0.010 Loaded shared library C:\Program Files\Java\jdk-21\bin\java.dll
Event: 0.062 Loaded shared library C:\Program Files\Java\jdk-21\bin\jsvml.dll
Event: 0.111 Loaded shared library C:\Program Files\Java\jdk-21\bin\net.dll
Event: 0.113 Loaded shared library C:\Program Files\Java\jdk-21\bin\nio.dll
Event: 0.124 Loaded shared library C:\Program Files\Java\jdk-21\bin\zip.dll
Event: 0.132 Loaded shared library C:\Program Files\Java\jdk-21\bin\verify.dll
Event: 0.138 Loaded shared library C:\Program Files\Java\jdk-21\bin\jimage.dll

Deoptimization events (0 events):
No events

Classes loaded (20 events):
Event: 0.154 Loading class java/lang/invoke/DelegatingMethodHandle$Holder done
Event: 0.154 Loading class java/lang/invoke/VarHandle$AccessMode
Event: 0.154 Loading class java/lang/invoke/VarHandle$AccessMode done
Event: 0.154 Loading class java/lang/invoke/VarHandle$AccessType
Event: 0.154 Loading class java/lang/invoke/VarHandle$AccessType done
Event: 0.154 Loading class java/lang/invoke/Invokers$Holder
Event: 0.155 Loading class java/lang/invoke/Invokers$Holder done
Event: 0.155 Loading class java/lang/invoke/LambdaFormEditor
Event: 0.155 Loading class java/lang/invoke/LambdaFormEditor done
Event: 0.155 Loading class java/lang/invoke/LambdaFormEditor$TransformKey
Event: 0.155 Loading class java/lang/invoke/LambdaFormEditor$TransformKey done
Event: 0.155 Loading class java/lang/invoke/LambdaFormBuffer
Event: 0.155 Loading class java/lang/invoke/LambdaFormBuffer done
Event: 0.155 Loading class java/lang/invoke/LambdaFormEditor$Transform
Event: 0.155 Loading class java/lang/invoke/LambdaFormEditor$Transform done
Event: 0.156 Loading class jdk/internal/org/objectweb/asm/ClassWriter
Event: 0.156 Loading class jdk/internal/org/objectweb/asm/ClassVisitor
Event: 0.156 Loading class jdk/internal/org/objectweb/asm/ClassVisitor done
Event: 0.156 Loading class jdk/internal/org/objectweb/asm/ClassWriter done
Event: 0.156 Loading class jdk/internal/org/objectweb/asm/SymbolTable

Classes unloaded (0 events):
No events

Classes redefined (0 events):
No events

Internal exceptions (0 events):
No events

ZGC Phase Switch (0 events):
No events

VM Operations (2 events):
Event: 0.126 Executing VM operation: HandshakeAllThreads (Deoptimize)
Event: 0.126 Executing VM operation: HandshakeAllThreads (Deoptimize) done

Events (11 events):
Event: 0.017 Thread 0x000001b1e58dc880 Thread added: 0x000001b1e58dc880
Event: 0.056 Thread 0x000001b1872d59e0 Thread added: 0x000001b1872d59e0
Event: 0.057 Thread 0x000001b1872943e0 Thread added: 0x000001b1872943e0
Event: 0.058 Thread 0x000001b1872c3410 Thread added: 0x000001b1872c3410
Event: 0.059 Thread 0x000001b1872c3e70 Thread added: 0x000001b1872c3e70
Event: 0.059 Thread 0x000001b1872c5af0 Thread added: 0x000001b1872c5af0
Event: 0.059 Thread 0x000001b1872ea4a0 Thread added: 0x000001b1872ea4a0
Event: 0.059 Thread 0x000001b1872eb500 Thread added: 0x000001b1872eb500
Event: 0.059 Thread 0x000001b1872ec1b0 Thread added: 0x000001b1872ec1b0
Event: 0.095 Thread 0x000001b1872e7020 Thread added: 0x000001b1872e7020
Event: 0.102 Thread 0x000001b1872e9e10 Thread added: 0x000001b1872e9e10


Dynamic libraries:
0x00007ff79a690000 - 0x00007ff79a6a0000 	C:\Program Files\Java\jdk-21\bin\java.exe
0x00007fff909f0000 - 0x00007fff90c07000 	C:\WINDOWS\SYSTEM32\ntdll.dll
0x00007fff8e8f0000 - 0x00007fff8e9b4000 	C:\WINDOWS\System32\KERNEL32.DLL
0x00007fff8df80000 - 0x00007fff8e32d000 	C:\WINDOWS\System32\KERNELBASE.dll
0x00007fff8ddb0000 - 0x00007fff8dec1000 	C:\WINDOWS\System32\ucrtbase.dll
0x00007fff83d40000 - 0x00007fff83d59000 	C:\Program Files\Java\jdk-21\bin\jli.dll
0x00007fff84a50000 - 0x00007fff84a6b000 	C:\Program Files\Java\jdk-21\bin\VCRUNTIME140.dll
0x00007fff8fd10000 - 0x00007fff8fdc2000 	C:\WINDOWS\System32\ADVAPI32.dll
0x00007fff90770000 - 0x00007fff90817000 	C:\WINDOWS\System32\msvcrt.dll
0x00007fff8e9c0000 - 0x00007fff8ea69000 	C:\WINDOWS\System32\sechost.dll
0x00007fff8ded0000 - 0x00007fff8def8000 	C:\WINDOWS\System32\bcrypt.dll
0x00007fff90890000 - 0x00007fff909a4000 	C:\WINDOWS\System32\RPCRT4.dll
0x00007fff8f3c0000 - 0x00007fff8f56e000 	C:\WINDOWS\System32\USER32.dll
0x00007fff8dd10000 - 0x00007fff8dd36000 	C:\WINDOWS\System32\win32u.dll
0x00007fff76850000 - 0x00007fff76ae3000 	C:\WINDOWS\WinSxS\amd64_microsoft.windows.common-controls_6595b64144ccf1df_6.0.22621.3672_none_2713b9d173822955\COMCTL32.dll
0x00007fff8ea70000 - 0x00007fff8ea99000 	C:\WINDOWS\System32\GDI32.dll
0x00007fff8e600000 - 0x00007fff8e719000 	C:\WINDOWS\System32\gdi32full.dll
0x00007fff8e3f0000 - 0x00007fff8e48a000 	C:\WINDOWS\System32\msvcp_win.dll
0x00007fff875e0000 - 0x00007fff875ea000 	C:\WINDOWS\SYSTEM32\VERSION.dll
0x00007fff8ffe0000 - 0x00007fff90011000 	C:\WINDOWS\System32\IMM32.DLL
0x00007fff88540000 - 0x00007fff8854c000 	C:\Program Files\Java\jdk-21\bin\vcruntime140_1.dll
0x00007fff6b1b0000 - 0x00007fff6b23e000 	C:\Program Files\Java\jdk-21\bin\msvcp140.dll
0x00007fff14790000 - 0x00007fff154a7000 	C:\Program Files\Java\jdk-21\bin\server\jvm.dll
0x00007fff8f570000 - 0x00007fff8f5e1000 	C:\WINDOWS\System32\WS2_32.dll
0x00007fff8cb60000 - 0x00007fff8cbad000 	C:\WINDOWS\SYSTEM32\POWRPROF.dll
0x00007fff88850000 - 0x00007fff88884000 	C:\WINDOWS\SYSTEM32\WINMM.dll
0x00007fff8cb40000 - 0x00007fff8cb53000 	C:\WINDOWS\SYSTEM32\UMPDC.dll
0x00007fff8cdf0000 - 0x00007fff8ce08000 	C:\WINDOWS\SYSTEM32\kernel.appcore.dll
0x00007fff84cb0000 - 0x00007fff84cba000 	C:\Program Files\Java\jdk-21\bin\jimage.dll
0x00007fff858a0000 - 0x00007fff85ad2000 	C:\WINDOWS\SYSTEM32\DBGHELP.DLL
0x00007fff8f930000 - 0x00007fff8fcbd000 	C:\WINDOWS\System32\combase.dll
0x00007fff8e810000 - 0x00007fff8e8e7000 	C:\WINDOWS\System32\OLEAUT32.dll
0x00007fff85440000 - 0x00007fff85472000 	C:\WINDOWS\SYSTEM32\dbgcore.DLL
0x00007fff8df00000 - 0x00007fff8df7b000 	C:\WINDOWS\System32\bcryptPrimitives.dll
0x00007fff83d10000 - 0x00007fff83d2f000 	C:\Program Files\Java\jdk-21\bin\java.dll
0x00007fff8eb50000 - 0x00007fff8f3b8000 	C:\WINDOWS\System32\SHELL32.dll
0x00007fff8bc20000 - 0x00007fff8c51e000 	C:\WINDOWS\SYSTEM32\windows.storage.dll
0x00007fff8bae0000 - 0x00007fff8bc1f000 	C:\WINDOWS\SYSTEM32\wintypes.dll
0x00007fff901f0000 - 0x00007fff902e9000 	C:\WINDOWS\System32\SHCORE.dll
0x00007fff8f620000 - 0x00007fff8f67e000 	C:\WINDOWS\System32\shlwapi.dll
0x00007fff8dc40000 - 0x00007fff8dc61000 	C:\WINDOWS\SYSTEM32\profapi.dll
0x00007fff67c80000 - 0x00007fff67d57000 	C:\Program Files\Java\jdk-21\bin\jsvml.dll
0x00007fff84b00000 - 0x00007fff84b10000 	C:\Program Files\Java\jdk-21\bin\net.dll
0x00007fff89220000 - 0x00007fff89356000 	C:\WINDOWS\SYSTEM32\WINHTTP.dll
0x00007fff8d260000 - 0x00007fff8d2c9000 	C:\WINDOWS\system32\mswsock.dll
0x00007fff83ce0000 - 0x00007fff83cf6000 	C:\Program Files\Java\jdk-21\bin\nio.dll
0x00007fff7a440000 - 0x00007fff7a458000 	C:\Program Files\Java\jdk-21\bin\zip.dll
0x00007fff7a3f0000 - 0x00007fff7a400000 	C:\Program Files\Java\jdk-21\bin\verify.dll

dbghelp: loaded successfully - version: 4.0.5 - missing functions: none
symbol engine: initialized successfully - sym options: 0x614 - pdb path: .;C:\Program Files\Java\jdk-21\bin;C:\WINDOWS\SYSTEM32;C:\WINDOWS\WinSxS\amd64_microsoft.windows.common-controls_6595b64144ccf1df_6.0.22621.3672_none_2713b9d173822955;C:\Program Files\Java\jdk-21\bin\server

VM Arguments:
jvm_args: -Dnet.bytebuddy.agent.attacher.dump= 
java_command: net.bytebuddy.agent.Attacher com.sun.tools.attach.VirtualMachine 28104 C:\Users\fgonz\.m2\repository\net\bytebuddy\byte-buddy-agent\1.14.18\byte-buddy-agent-1.14.18.jar false 
java_class_path (initial): C:\Users\fgonz\.m2\repository\net\bytebuddy\byte-buddy-agent\1.14.18\byte-buddy-agent-1.14.18.jar
Launcher Type: SUN_STANDARD

[Global flags]
     intx CICompilerCount                          = 4                                         {product} {ergonomic}
     uint ConcGCThreads                            = 3                                         {product} {ergonomic}
     uint G1ConcRefinementThreads                  = 10                                        {product} {ergonomic}
   size_t G1HeapRegionSize                         = 2097152                                   {product} {ergonomic}
    uintx GCDrainStackTargetSize                   = 64                                        {product} {ergonomic}
   size_t InitialHeapSize                          = 268435456                                 {product} {ergonomic}
   size_t MarkStackSize                            = 4194304                                   {product} {ergonomic}
   size_t MaxHeapSize                              = 4276092928                                {product} {ergonomic}
   size_t MaxNewSize                               = 2564816896                                {product} {ergonomic}
   size_t MinHeapDeltaBytes                        = 2097152                                   {product} {ergonomic}
   size_t MinHeapSize                              = 8388608                                   {product} {ergonomic}
    uintx NonNMethodCodeHeapSize                   = 5839372                                {pd product} {ergonomic}
    uintx NonProfiledCodeHeapSize                  = 122909434                              {pd product} {ergonomic}
    uintx ProfiledCodeHeapSize                     = 122909434                              {pd product} {ergonomic}
    uintx ReservedCodeCacheSize                    = 251658240                              {pd product} {ergonomic}
     bool SegmentedCodeCache                       = true                                      {product} {ergonomic}
   size_t SoftMaxHeapSize                          = 4276092928                             {manageable} {ergonomic}
     bool UseCompressedOops                        = true                           {product lp64_product} {ergonomic}
     bool UseG1GC                                  = true                                      {product} {ergonomic}
     bool UseLargePagesIndividualAllocation        = false                                  {pd product} {ergonomic}

Logging:
Log output configuration:
 #0: stdout all=warning uptime,level,tags foldmultilines=false
 #1: stderr all=off uptime,level,tags foldmultilines=false

Environment Variables:
JAVA_HOME=C:\Program Files\Java\jdk-21
PATH=C:\Program Files\Amazon Corretto\jdk11.0.23_9\bin;C:\Program Files\Common Files\Oracle\Java\javapath;C:\Program Files\Oculus\Support\oculus-runtime;C:\WINDOWS\system32;C:\WINDOWS;C:\WINDOWS\System32\Wbem;C:\WINDOWS\System32\WindowsPowerShell\v1.0\;C:\WINDOWS\System32\OpenSSH\;C:\Program Files\Microsoft SQL Server\120\Tools\Binn\;C:\Program Files\Common Files\Autodesk Shared\;C:\WINDOWS\system32;C:\WINDOWS;C:\WINDOWS\System32\Wbem;C:\WINDOWS\System32\WindowsPowerShell\v1.0\;C:\WINDOWS\System32\OpenSSH\;C:\Program Files\Git\cmd;C:\Program Files\dotnet\;C:\Users\fgonz\AppData\Local\Programs\Python\Python311\;C:\Program Files\AutoFirma\AutoFirma;C:\Program Files\apache-maven-3.9.7\bin;C:\Program Files\nodejs\;C:\ProgramData\chocolatey\bin;C:\ProgramData\chocolatey\lib\maven\apache-maven-3.9.8\bin;C:\Program Files\Amazon\AWSCLIV2\;C:\HashiCorp\Vagrant\bin;C:\Program Files\Oracle\VirtualBox;;C:\Program Files\Docker\Docker\resources\bin;C:\Users\fgonz\AppData\Local\Programs\Eclipse Adoptium\jdk-17.0.11.9-hotspot\bin;C:\Users\fgonz\AppData\Local\Programs\Python\Python311\Scripts\;C:\Users\fgonz\AppData\Local\Programs\Python\Python311\;C:\Users\fgonz\AppData\Local\Microsoft\WindowsApps;C:\Users\fgonz\AppData\Local\Programs\Microsoft VS Code\bin;C:\Users\fgonz\AppData\Roaming\pyRevit-Master\bin;C:\Users\fgonz\AppData\Local\GitHubDesktop\bin;C:\Users\fgonz\AppData\Roaming\npm;C:\Program Files\Oracle\VirtualBox
USERNAME=fgonz
OS=Windows_NT
PROCESSOR_IDENTIFIER=Intel64 Family 6 Model 158 Stepping 10, GenuineIntel
TMP=C:\Users\fgonz\AppData\Local\Temp
TEMP=C:\Users\fgonz\AppData\Local\Temp




Periodic native trim disabled

---------------  S Y S T E M  ---------------

OS:
 Windows 11 , 64 bit Build 22621 (10.0.22621.3958)
OS uptime: 22 days 9:12 hours
Hyper-V role detected

CPU: total 12 (initial active 12) (6 cores per cpu, 2 threads per core) family 6 model 158 stepping 10 microcode 0xde, cx8, cmov, fxsr, ht, mmx, 3dnowpref, sse, sse2, sse3, ssse3, sse4.1, sse4.2, popcnt, lzcnt, tsc, tscinvbit, avx, avx2, aes, erms, clmul, bmi1, bmi2, adx, fma, vzeroupper, clflush, clflushopt, hv, rdtscp, f16c
Processor Information for all 12 processors :
  Max Mhz: 2201, Current Mhz: 2200, Mhz Limit: 2178

Memory: 4k page, system-wide physical 16305M (1021M free)
TotalPageFile size 65457M (AvailPageFile size 5M)
current process WorkingSet (physical memory assigned to process): 31M, peak: 31M
current process commit charge ("private bytes"): 338M, peak: 339M

vm_info: Java HotSpot(TM) 64-Bit Server VM (21.0.2+13-LTS-58) for windows-amd64 JRE (21.0.2+13-LTS-58), built on 2024-01-05T18:32:24Z by "mach5one" with MS VC++ 17.1 (VS2022)

END.
