#
# There is insufficient memory for the Java Runtime Environment to continue.
# Native memory allocation (mmap) failed to map 268435456 bytes for G1 virtual space
# Possible reasons:
#   The system is out of physical RAM or swap space
#   The process is running with CompressedOops enabled, and the Java Heap may be blocking the growth of the native heap
# Possible solutions:
#   Reduce memory load on the system
#   Increase physical memory or swap space
#   Check if swap backing store is full
#   Decrease Java heap size (-Xmx/-Xms)
#   Decrease number of Java threads
#   Decrease Java thread stack sizes (-Xss)
#   Set larger code cache with -XX:ReservedCodeCacheSize=
#   JVM is running with Zero Based Compressed Oops mode in which the Java heap is
#     placed in the first 32GB address space. The Java Heap base address is the
#     maximum limit for the native heap growth. Please use -XX:HeapBaseMinAddress
#     to set the Java Heap base and to place the Java Heap above 32GB virtual address.
# This output file may be truncated or incomplete.
#
#  Out of Memory Error (os_windows.cpp:3600), pid=12744, tid=18680
#
# JRE version:  (21.0.2+13) (build )
# Java VM: Java HotSpot(TM) 64-Bit Server VM (21.0.2+13-LTS-58, mixed mode, sharing, tiered, compressed oops, compressed class ptrs, g1 gc, windows-amd64)
# No core dump will be written. Minidumps are not enabled by default on client versions of Windows
#

---------------  S U M M A R Y ------------

Command Line: -Dnet.bytebuddy.agent.attacher.dump= net.bytebuddy.agent.Attacher com.sun.tools.attach.VirtualMachine 11160 C:\Users\fgonz\.m2\repository\net\bytebuddy\byte-buddy-agent\1.14.18\byte-buddy-agent-1.14.18.jar false 

Host: Intel(R) Core(TM) i7-8750H CPU @ 2.20GHz, 12 cores, 15G,  Windows 11 , 64 bit Build 22621 (10.0.22621.3958)
Time: Fri Sep  6 11:40:25 2024 Hora de verano romance elapsed time: 0.015396 seconds (0d 0h 0m 0s)

---------------  T H R E A D  ---------------

Current thread (0x00000295cda0e670):  JavaThread "Unknown thread" [_thread_in_vm, id=18680, stack(0x000000edadf00000,0x000000edae000000) (1024K)]

Stack: [0x000000edadf00000,0x000000edae000000]
Native frames: (J=compiled Java code, j=interpreted, Vv=VM code, C=native code)
V  [jvm.dll+0x6cade9]
V  [jvm.dll+0x8569c1]
V  [jvm.dll+0x858d2e]
V  [jvm.dll+0x859413]
V  [jvm.dll+0x280e56]
V  [jvm.dll+0x6c74d5]
V  [jvm.dll+0x6bbeca]
V  [jvm.dll+0x355bca]
V  [jvm.dll+0x35d816]
V  [jvm.dll+0x3ae67e]
V  [jvm.dll+0x3ae928]
V  [jvm.dll+0x3295dc]
V  [jvm.dll+0x32a16b]
V  [jvm.dll+0x81efa9]
V  [jvm.dll+0x3bba01]
V  [jvm.dll+0x807928]
V  [jvm.dll+0x44f50e]
V  [jvm.dll+0x450e11]
C  [jli.dll+0x52a3]
C  [ucrtbase.dll+0x29333]
C  [KERNEL32.DLL+0x1257d]
C  [ntdll.dll+0x5af28]


---------------  P R O C E S S  ---------------

Threads class SMR info:
_java_thread_list=0x00007fff1535bb88, length=0, elements={
}

Java Threads: ( => current thread )
Total: 0

Other Threads:
  0x00000295cfc71f90 WorkerThread "GC Thread#0"                     [id=26740, stack(0x000000edae000000,0x000000edae100000) (1024K)]
  0x00000295cfc84e60 ConcurrentGCThread "G1 Main Marker"            [id=4188, stack(0x000000edae100000,0x000000edae200000) (1024K)]
  0x00000295cfc85b10 WorkerThread "G1 Conc#0"                       [id=35700, stack(0x000000edae200000,0x000000edae300000) (1024K)]

[error occurred during error reporting (printing all threads), id 0xc0000005, EXCEPTION_ACCESS_VIOLATION (0xc0000005) at pc=0x00007fff14acc6a7]
VM state: not at safepoint (not fully initialized)

VM Mutex/Monitor currently owned by a thread:  ([mutex/lock_event])
[0x00007fff153cce68] Heap_lock - owner thread: 0x00000295cda0e670

Heap address: 0x0000000701200000, size: 4078 MB, Compressed Oops mode: Zero based, Oop shift amount: 3

CDS archive(s) mapped at: [0x0000000000000000-0x0000000000000000-0x0000000000000000), size 0, SharedBaseAddress: 0x0000000800000000, ArchiveRelocationMode: 1.
Narrow klass base: 0x0000000000000000, Narrow klass shift: 0, Narrow klass range: 0x0

GC Precious Log:
 CardTable entry size: 512
 Card Set container configuration: InlinePtr #cards 4 size 8 Array Of Cards #cards 16 size 48 Howl #buckets 8 coarsen threshold 3686 Howl Bitmap #cards 512 size 80 coarsen threshold 460 Card regions per heap region 1 cards per card region 4096

Heap:
 garbage-first heap   total 0K, used 0K [0x0000000701200000, 0x0000000800000000)
  region size 2048K, 0 young (0K), 0 survivors (0K)

[error occurred during error reporting (printing heap information), id 0xc0000005, EXCEPTION_ACCESS_VIOLATION (0xc0000005) at pc=0x00007fff14eb39f9]
GC Heap History (0 events):
No events

Dll operation events (1 events):
Event: 0.011 Loaded shared library C:\Program Files\Java\jdk-21\bin\java.dll

Deoptimization events (0 events):
No events

Classes loaded (0 events):
No events

Classes unloaded (0 events):
No events

Classes redefined (0 events):
No events

Internal exceptions (0 events):
No events

ZGC Phase Switch (0 events):
No events

VM Operations (0 events):
No events

Events (0 events):
No events


Dynamic libraries:
0x00007ff79a690000 - 0x00007ff79a6a0000 	C:\Program Files\Java\jdk-21\bin\java.exe
0x00007fff909f0000 - 0x00007fff90c07000 	C:\WINDOWS\SYSTEM32\ntdll.dll
0x00007fff8e8f0000 - 0x00007fff8e9b4000 	C:\WINDOWS\System32\KERNEL32.DLL
0x00007fff8df80000 - 0x00007fff8e32d000 	C:\WINDOWS\System32\KERNELBASE.dll
0x00007fff8ddb0000 - 0x00007fff8dec1000 	C:\WINDOWS\System32\ucrtbase.dll
0x00007fff83d40000 - 0x00007fff83d59000 	C:\Program Files\Java\jdk-21\bin\jli.dll
0x00007fff84a50000 - 0x00007fff84a6b000 	C:\Program Files\Java\jdk-21\bin\VCRUNTIME140.dll
0x00007fff8fd10000 - 0x00007fff8fdc2000 	C:\WINDOWS\System32\ADVAPI32.dll
0x00007fff90770000 - 0x00007fff90817000 	C:\WINDOWS\System32\msvcrt.dll
0x00007fff8e9c0000 - 0x00007fff8ea69000 	C:\WINDOWS\System32\sechost.dll
0x00007fff8ded0000 - 0x00007fff8def8000 	C:\WINDOWS\System32\bcrypt.dll
0x00007fff90890000 - 0x00007fff909a4000 	C:\WINDOWS\System32\RPCRT4.dll
0x00007fff8f3c0000 - 0x00007fff8f56e000 	C:\WINDOWS\System32\USER32.dll
0x00007fff8dd10000 - 0x00007fff8dd36000 	C:\WINDOWS\System32\win32u.dll
0x00007fff76850000 - 0x00007fff76ae3000 	C:\WINDOWS\WinSxS\amd64_microsoft.windows.common-controls_6595b64144ccf1df_6.0.22621.3672_none_2713b9d173822955\COMCTL32.dll
0x00007fff8ea70000 - 0x00007fff8ea99000 	C:\WINDOWS\System32\GDI32.dll
0x00007fff8e600000 - 0x00007fff8e719000 	C:\WINDOWS\System32\gdi32full.dll
0x00007fff8e3f0000 - 0x00007fff8e48a000 	C:\WINDOWS\System32\msvcp_win.dll
0x00007fff875e0000 - 0x00007fff875ea000 	C:\WINDOWS\SYSTEM32\VERSION.dll
0x00007fff8ffe0000 - 0x00007fff90011000 	C:\WINDOWS\System32\IMM32.DLL
0x00007fff88540000 - 0x00007fff8854c000 	C:\Program Files\Java\jdk-21\bin\vcruntime140_1.dll
0x00007fff6b1b0000 - 0x00007fff6b23e000 	C:\Program Files\Java\jdk-21\bin\msvcp140.dll
0x00007fff14790000 - 0x00007fff154a7000 	C:\Program Files\Java\jdk-21\bin\server\jvm.dll
0x00007fff8f570000 - 0x00007fff8f5e1000 	C:\WINDOWS\System32\WS2_32.dll
0x00007fff8cb60000 - 0x00007fff8cbad000 	C:\WINDOWS\SYSTEM32\POWRPROF.dll
0x00007fff88850000 - 0x00007fff88884000 	C:\WINDOWS\SYSTEM32\WINMM.dll
0x00007fff8cb40000 - 0x00007fff8cb53000 	C:\WINDOWS\SYSTEM32\UMPDC.dll
0x00007fff8cdf0000 - 0x00007fff8ce08000 	C:\WINDOWS\SYSTEM32\kernel.appcore.dll
0x00007fff84cb0000 - 0x00007fff84cba000 	C:\Program Files\Java\jdk-21\bin\jimage.dll
0x00007fff858a0000 - 0x00007fff85ad2000 	C:\WINDOWS\SYSTEM32\DBGHELP.DLL
0x00007fff8f930000 - 0x00007fff8fcbd000 	C:\WINDOWS\System32\combase.dll
0x00007fff8e810000 - 0x00007fff8e8e7000 	C:\WINDOWS\System32\OLEAUT32.dll
0x00007fff85440000 - 0x00007fff85472000 	C:\WINDOWS\SYSTEM32\dbgcore.DLL
0x00007fff8df00000 - 0x00007fff8df7b000 	C:\WINDOWS\System32\bcryptPrimitives.dll
0x00007fff83d10000 - 0x00007fff83d2f000 	C:\Program Files\Java\jdk-21\bin\java.dll

dbghelp: loaded successfully - version: 4.0.5 - missing functions: none
symbol engine: initialized successfully - sym options: 0x614 - pdb path: .;C:\Program Files\Java\jdk-21\bin;C:\WINDOWS\SYSTEM32;C:\WINDOWS\WinSxS\amd64_microsoft.windows.common-controls_6595b64144ccf1df_6.0.22621.3672_none_2713b9d173822955;C:\Program Files\Java\jdk-21\bin\server

VM Arguments:
jvm_args: -Dnet.bytebuddy.agent.attacher.dump= 
java_command: net.bytebuddy.agent.Attacher com.sun.tools.attach.VirtualMachine 11160 C:\Users\fgonz\.m2\repository\net\bytebuddy\byte-buddy-agent\1.14.18\byte-buddy-agent-1.14.18.jar false 
java_class_path (initial): C:\Users\fgonz\.m2\repository\net\bytebuddy\byte-buddy-agent\1.14.18\byte-buddy-agent-1.14.18.jar
Launcher Type: SUN_STANDARD

[Global flags]
     intx CICompilerCount                          = 4                                         {product} {ergonomic}
     uint ConcGCThreads                            = 3                                         {product} {ergonomic}
     uint G1ConcRefinementThreads                  = 10                                        {product} {ergonomic}
   size_t G1HeapRegionSize                         = 2097152                                   {product} {ergonomic}
    uintx GCDrainStackTargetSize                   = 64                                        {product} {ergonomic}
   size_t InitialHeapSize                          = 268435456                                 {product} {ergonomic}
   size_t MarkStackSize                            = 4194304                                   {product} {ergonomic}
   size_t MaxHeapSize                              = 4276092928                                {product} {ergonomic}
   size_t MinHeapDeltaBytes                        = 2097152                                   {product} {ergonomic}
   size_t MinHeapSize                              = 8388608                                   {product} {ergonomic}
    uintx NonNMethodCodeHeapSize                   = 5839372                                {pd product} {ergonomic}
    uintx NonProfiledCodeHeapSize                  = 122909434                              {pd product} {ergonomic}
    uintx ProfiledCodeHeapSize                     = 122909434                              {pd product} {ergonomic}
    uintx ReservedCodeCacheSize                    = 251658240                              {pd product} {ergonomic}
     bool SegmentedCodeCache                       = true                                      {product} {ergonomic}
   size_t SoftMaxHeapSize                          = 4276092928                             {manageable} {ergonomic}
     bool UseCompressedOops                        = true                           {product lp64_product} {ergonomic}
     bool UseG1GC                                  = true                                      {product} {ergonomic}
     bool UseLargePagesIndividualAllocation        = false                                  {pd product} {ergonomic}

Logging:
Log output configuration:
 #0: stdout all=warning uptime,level,tags foldmultilines=false
 #1: stderr all=off uptime,level,tags foldmultilines=false

Environment Variables:
JAVA_HOME=C:\Program Files\Java\jdk-21
PATH=C:\Program Files\Amazon Corretto\jdk11.0.23_9\bin;C:\Program Files\Common Files\Oracle\Java\javapath;C:\Program Files\Oculus\Support\oculus-runtime;C:\WINDOWS\system32;C:\WINDOWS;C:\WINDOWS\System32\Wbem;C:\WINDOWS\System32\WindowsPowerShell\v1.0\;C:\WINDOWS\System32\OpenSSH\;C:\Program Files\Microsoft SQL Server\120\Tools\Binn\;C:\Program Files\Common Files\Autodesk Shared\;C:\WINDOWS\system32;C:\WINDOWS;C:\WINDOWS\System32\Wbem;C:\WINDOWS\System32\WindowsPowerShell\v1.0\;C:\WINDOWS\System32\OpenSSH\;C:\Program Files\Git\cmd;C:\Program Files\dotnet\;C:\Users\fgonz\AppData\Local\Programs\Python\Python311\;C:\Program Files\AutoFirma\AutoFirma;C:\Program Files\apache-maven-3.9.7\bin;C:\Program Files\nodejs\;C:\ProgramData\chocolatey\bin;C:\ProgramData\chocolatey\lib\maven\apache-maven-3.9.8\bin;C:\Program Files\Amazon\AWSCLIV2\;C:\HashiCorp\Vagrant\bin;C:\Program Files\Oracle\VirtualBox;;C:\Program Files\Docker\Docker\resources\bin;C:\Users\fgonz\AppData\Local\Programs\Eclipse Adoptium\jdk-17.0.11.9-hotspot\bin;C:\Users\fgonz\AppData\Local\Programs\Python\Python311\Scripts\;C:\Users\fgonz\AppData\Local\Programs\Python\Python311\;C:\Users\fgonz\AppData\Local\Microsoft\WindowsApps;C:\Users\fgonz\AppData\Local\Programs\Microsoft VS Code\bin;C:\Users\fgonz\AppData\Roaming\pyRevit-Master\bin;C:\Users\fgonz\AppData\Local\GitHubDesktop\bin;C:\Users\fgonz\AppData\Roaming\npm;C:\Program Files\Oracle\VirtualBox
USERNAME=fgonz
OS=Windows_NT
PROCESSOR_IDENTIFIER=Intel64 Family 6 Model 158 Stepping 10, GenuineIntel
TMP=C:\Users\fgonz\AppData\Local\Temp
TEMP=C:\Users\fgonz\AppData\Local\Temp




Periodic native trim disabled

---------------  S Y S T E M  ---------------

OS:
 Windows 11 , 64 bit Build 22621 (10.0.22621.3958)
OS uptime: 22 days 9:08 hours
Hyper-V role detected

CPU: total 12 (initial active 12) (6 cores per cpu, 2 threads per core) family 6 model 158 stepping 10 microcode 0xde, cx8, cmov, fxsr, ht, mmx, 3dnowpref, sse, sse2, sse3, ssse3, sse4.1, sse4.2, popcnt, lzcnt, tsc, tscinvbit, avx, avx2, aes, erms, clmul, bmi1, bmi2, adx, fma, vzeroupper, clflush, clflushopt, hv, rdtscp, f16c
Processor Information for all 12 processors :
  Max Mhz: 2201, Current Mhz: 2200, Mhz Limit: 2178

Memory: 4k page, system-wide physical 16305M (860M free)
TotalPageFile size 65457M (AvailPageFile size 252M)
current process WorkingSet (physical memory assigned to process): 11M, peak: 11M
current process commit charge ("private bytes"): 64M, peak: 320M

vm_info: Java HotSpot(TM) 64-Bit Server VM (21.0.2+13-LTS-58) for windows-amd64 JRE (21.0.2+13-LTS-58), built on 2024-01-05T18:32:24Z by "mach5one" with MS VC++ 17.1 (VS2022)

END.
